Started GET "/" for 127.0.0.1 at 2019-03-22 11:51:18 -0300
Processing by Rails::WelcomeController#index as HTML
  Rendering /home/t_pc/.rbenv/versions/2.5.0/lib/ruby/gems/2.5.0/gems/railties-5.1.6.1/lib/rails/templates/rails/welcome/index.html.erb
  Rendered /home/t_pc/.rbenv/versions/2.5.0/lib/ruby/gems/2.5.0/gems/railties-5.1.6.1/lib/rails/templates/rails/welcome/index.html.erb (9.6ms)
Completed 200 OK in 290ms (Views: 32.5ms)


Started GET "/" for 127.0.0.1 at 2019-03-22 12:22:41 -0300
Processing by AppController#index as HTML
  Rendering app/index.html.erb within layouts/application
  Rendered app/index.html.erb within layouts/application (0.5ms)
Completed 200 OK in 1593ms (Views: 1499.0ms)


Started GET "/films" for 127.0.0.1 at 2019-03-22 12:22:54 -0300
  
ActionController::RoutingError (No route matches [GET] "/films"):
  
actionpack (5.1.6.1) lib/action_dispatch/middleware/debug_exceptions.rb:63:in `call'
web-console (3.7.0) lib/web_console/middleware.rb:135:in `call_app'
web-console (3.7.0) lib/web_console/middleware.rb:30:in `block in call'
web-console (3.7.0) lib/web_console/middleware.rb:20:in `catch'
web-console (3.7.0) lib/web_console/middleware.rb:20:in `call'
actionpack (5.1.6.1) lib/action_dispatch/middleware/show_exceptions.rb:31:in `call'
railties (5.1.6.1) lib/rails/rack/logger.rb:36:in `call_app'
railties (5.1.6.1) lib/rails/rack/logger.rb:24:in `block in call'
activesupport (5.1.6.1) lib/active_support/tagged_logging.rb:69:in `block in tagged'
activesupport (5.1.6.1) lib/active_support/tagged_logging.rb:26:in `tagged'
activesupport (5.1.6.1) lib/active_support/tagged_logging.rb:69:in `tagged'
railties (5.1.6.1) lib/rails/rack/logger.rb:24:in `call'
sprockets-rails (3.2.1) lib/sprockets/rails/quiet_assets.rb:13:in `call'
actionpack (5.1.6.1) lib/action_dispatch/middleware/remote_ip.rb:79:in `call'
actionpack (5.1.6.1) lib/action_dispatch/middleware/request_id.rb:25:in `call'
rack (2.0.6) lib/rack/method_override.rb:22:in `call'
rack (2.0.6) lib/rack/runtime.rb:22:in `call'
activesupport (5.1.6.1) lib/active_support/cache/strategy/local_cache_middleware.rb:27:in `call'
actionpack (5.1.6.1) lib/action_dispatch/middleware/executor.rb:12:in `call'
actionpack (5.1.6.1) lib/action_dispatch/middleware/static.rb:125:in `call'
rack (2.0.6) lib/rack/sendfile.rb:111:in `call'
railties (5.1.6.1) lib/rails/engine.rb:522:in `call'
puma (3.12.0) lib/puma/configuration.rb:225:in `call'
puma (3.12.0) lib/puma/server.rb:658:in `handle_request'
puma (3.12.0) lib/puma/server.rb:472:in `process_client'
puma (3.12.0) lib/puma/server.rb:332:in `block in run'
puma (3.12.0) lib/puma/thread_pool.rb:133:in `block in spawn_thread'
Started GET "/film" for 127.0.0.1 at 2019-03-22 12:23:00 -0300
  
ActionController::RoutingError (No route matches [GET] "/film"):
  
actionpack (5.1.6.1) lib/action_dispatch/middleware/debug_exceptions.rb:63:in `call'
web-console (3.7.0) lib/web_console/middleware.rb:135:in `call_app'
web-console (3.7.0) lib/web_console/middleware.rb:30:in `block in call'
web-console (3.7.0) lib/web_console/middleware.rb:20:in `catch'
web-console (3.7.0) lib/web_console/middleware.rb:20:in `call'
actionpack (5.1.6.1) lib/action_dispatch/middleware/show_exceptions.rb:31:in `call'
railties (5.1.6.1) lib/rails/rack/logger.rb:36:in `call_app'
railties (5.1.6.1) lib/rails/rack/logger.rb:24:in `block in call'
activesupport (5.1.6.1) lib/active_support/tagged_logging.rb:69:in `block in tagged'
activesupport (5.1.6.1) lib/active_support/tagged_logging.rb:26:in `tagged'
activesupport (5.1.6.1) lib/active_support/tagged_logging.rb:69:in `tagged'
railties (5.1.6.1) lib/rails/rack/logger.rb:24:in `call'
sprockets-rails (3.2.1) lib/sprockets/rails/quiet_assets.rb:13:in `call'
actionpack (5.1.6.1) lib/action_dispatch/middleware/remote_ip.rb:79:in `call'
actionpack (5.1.6.1) lib/action_dispatch/middleware/request_id.rb:25:in `call'
rack (2.0.6) lib/rack/method_override.rb:22:in `call'
rack (2.0.6) lib/rack/runtime.rb:22:in `call'
activesupport (5.1.6.1) lib/active_support/cache/strategy/local_cache_middleware.rb:27:in `call'
actionpack (5.1.6.1) lib/action_dispatch/middleware/executor.rb:12:in `call'
actionpack (5.1.6.1) lib/action_dispatch/middleware/static.rb:125:in `call'
rack (2.0.6) lib/rack/sendfile.rb:111:in `call'
railties (5.1.6.1) lib/rails/engine.rb:522:in `call'
puma (3.12.0) lib/puma/configuration.rb:225:in `call'
puma (3.12.0) lib/puma/server.rb:658:in `handle_request'
puma (3.12.0) lib/puma/server.rb:472:in `process_client'
puma (3.12.0) lib/puma/server.rb:332:in `block in run'
puma (3.12.0) lib/puma/thread_pool.rb:133:in `block in spawn_thread'
Started GET "/app/film" for 127.0.0.1 at 2019-03-22 12:23:08 -0300
Processing by AppController#film as HTML
  Rendering app/film.html.erb within layouts/application
  Rendered app/film.html.erb within layouts/application (0.6ms)
Completed 200 OK in 16ms (Views: 15.2ms)


Started GET "/app/film" for 127.0.0.1 at 2019-03-22 12:27:38 -0300
Processing by AppController#film as HTML
  Rendering app/film.html.erb within layouts/application
  Rendered app/film.html.erb within layouts/application (0.4ms)
Completed 200 OK in 10ms (Views: 9.1ms)


Started GET "/" for 127.0.0.1 at 2019-03-22 12:52:02 -0300
Processing by AppController#index as HTML
  Rendering app/index.html.erb within layouts/application
  Rendered app/index.html.erb within layouts/application (0.7ms)
Completed 200 OK in 4578ms (Views: 152.3ms)


Started GET "/" for 127.0.0.1 at 2019-03-22 13:02:18 -0300
Processing by AppController#index as HTML
Completed 500 Internal Server Error in 4395ms


  
TypeError (no implicit conversion of HTTParty::Response into String):
  
app/controllers/app_controller.rb:20:in `index'
Started GET "/" for 127.0.0.1 at 2019-03-22 13:03:13 -0300
Processing by AppController#index as HTML
Completed 500 Internal Server Error in 3670ms


  
NoMethodError (undefined method `results' for #<HTTParty::Response:0x00007f6b0810c410>):
  
app/controllers/app_controller.rb:21:in `index'
Started GET "/" for 127.0.0.1 at 2019-03-22 13:10:30 -0300
Processing by AppController#index as HTML
Completed 500 Internal Server Error in 104ms


  
NameError (undefined local variable or method `text' for #<AppController:0x00007f6b14449bd0>
Did you mean?  test):
  
app/controllers/app_controller.rb:19:in `index'
Started GET "/" for 127.0.0.1 at 2019-03-22 13:10:37 -0300
Processing by AppController#index as HTML
Completed 500 Internal Server Error in 141ms


  
NameError (undefined local variable or method `text' for #<AppController:0x00007f6b140895e0>
Did you mean?  test):
  
app/controllers/app_controller.rb:19:in `index'
Started GET "/" for 127.0.0.1 at 2019-03-22 13:13:36 -0300
Processing by AppController#index as HTML
Completed 500 Internal Server Error in 3050ms


  
NoMethodError (undefined method `results' for nil:NilClass):
  
app/controllers/app_controller.rb:22:in `index'
Started GET "/" for 127.0.0.1 at 2019-03-22 13:13:50 -0300
Processing by AppController#index as HTML
Completed 500 Internal Server Error in 3039ms


  
NoMethodError (undefined method `results' for nil:NilClass):
  
app/controllers/app_controller.rb:22:in `index'
Started GET "/" for 127.0.0.1 at 2019-03-22 13:14:02 -0300
Processing by AppController#index as HTML
Completed 500 Internal Server Error in 3569ms


  
NoMethodError (undefined method `results' for #<HTTParty::Response:0x00007f6b08047a20>):
  
app/controllers/app_controller.rb:22:in `index'
Started GET "/" for 127.0.0.1 at 2019-03-22 13:15:15 -0300
Processing by AppController#index as HTML
Completed 500 Internal Server Error in 3739ms


  
NoMethodError (undefined method `results' for #<HTTParty::Response:0x00007f6b34039688>):
  
app/controllers/app_controller.rb:20:in `index'
Started GET "/" for 127.0.0.1 at 2019-03-22 13:23:23 -0300
Processing by AppController#index as HTML
Completed 500 Internal Server Error in 8170ms


  
NoMethodError (undefined method `results' for #<HTTParty::Response:0x00007f6b08277c78>):
  
app/controllers/app_controller.rb:20:in `index'
Started GET "/" for 127.0.0.1 at 2019-03-22 13:24:00 -0300
Processing by AppController#index as HTML
  Rendering app/index.html.erb within layouts/application
  Rendered app/index.html.erb within layouts/application (2.6ms)
Completed 200 OK in 4413ms (Views: 32.3ms)


Started GET "/" for 127.0.0.1 at 2019-03-22 13:24:18 -0300
Processing by AppController#index as HTML
  Rendering app/index.html.erb within layouts/application
  Rendered app/index.html.erb within layouts/application (1.0ms)
Completed 200 OK in 2468ms (Views: 25.4ms)


Started GET "/" for 127.0.0.1 at 2019-03-22 13:24:47 -0300
Processing by AppController#index as HTML
  Rendering app/index.html.erb within layouts/application
  Rendered app/index.html.erb within layouts/application (0.7ms)
Completed 200 OK in 5161ms (Views: 27.1ms)


Started GET "/" for 127.0.0.1 at 2019-03-22 13:25:47 -0300
Processing by AppController#index as HTML
  Rendering app/index.html.erb within layouts/application
  Rendered app/index.html.erb within layouts/application (1.1ms)
Completed 200 OK in 4054ms (Views: 25.2ms)


Started GET "/" for 127.0.0.1 at 2019-03-22 13:31:39 -0300
Processing by AppController#index as HTML
  Rendering app/index.html.erb within layouts/application
  Rendered app/index.html.erb within layouts/application (0.8ms)
Completed 200 OK in 2941ms (Views: 26.5ms)


Started GET "/" for 127.0.0.1 at 2019-03-22 13:34:12 -0300
Processing by AppController#index as HTML
  Rendering app/index.html.erb within layouts/application
  Rendered app/index.html.erb within layouts/application (1.6ms)
Completed 500 Internal Server Error in 5682ms


  
SyntaxError (/home/t_pc/Uc/2019-1/TDI/Tarea1-TDI/app/views/app/index.html.erb:14: syntax error, unexpected end-of-input, expecting keyword_end
          end
             ^):
  
app/views/app/index.html.erb:14: syntax error, unexpected end-of-input, expecting keyword_end
Started GET "/" for 127.0.0.1 at 2019-03-22 13:34:39 -0300
Processing by AppController#index as HTML
  Rendering app/index.html.erb within layouts/application
  Rendered app/index.html.erb within layouts/application (1.2ms)
Completed 200 OK in 3539ms (Views: 29.1ms)


Started GET "/" for 127.0.0.1 at 2019-03-22 13:39:12 -0300
Processing by AppController#index as HTML
  Rendering app/index.html.erb within layouts/application
  Rendered app/index.html.erb within layouts/application (1.3ms)
Completed 200 OK in 3546ms (Views: 25.1ms)


Started GET "/" for 127.0.0.1 at 2019-03-22 13:49:16 -0300
Processing by AppController#index as HTML
  Rendering app/index.html.erb within layouts/application
  Rendered app/index.html.erb within layouts/application (1.6ms)
Completed 500 Internal Server Error in 9546ms


  
SyntaxError (/home/t_pc/Uc/2019-1/TDI/Tarea1-TDI/app/views/app/index.html.erb:16: syntax error, unexpected tIDENTIFIER, expecting ')'
...ink_to film["title"] controller: "app" action: "film" url: f...
...                     ^~~~~~~~~~
/home/t_pc/Uc/2019-1/TDI/Tarea1-TDI/app/views/app/index.html.erb:16: syntax error, unexpected tIDENTIFIER, expecting ')'
...itle"] controller: "app" action: "film" url: film["url"] );@...
...                         ^~~~~~
/home/t_pc/Uc/2019-1/TDI/Tarea1-TDI/app/views/app/index.html.erb:16: syntax error, unexpected tIDENTIFIER, expecting ')'
...oller: "app" action: "film" url: film["url"] );@output_buffe...
...                            ^~~):
  
app/views/app/index.html.erb:16: syntax error, unexpected tIDENTIFIER, expecting ')'
app/views/app/index.html.erb:16: syntax error, unexpected tIDENTIFIER, expecting ')'
app/views/app/index.html.erb:16: syntax error, unexpected tIDENTIFIER, expecting ')'
Started GET "/" for 127.0.0.1 at 2019-03-22 13:56:53 -0300
Processing by AppController#index as HTML
  Rendering app/index.html.erb within layouts/application
  Rendered app/index.html.erb within layouts/application (3.7ms)
Completed 200 OK in 4780ms (Views: 25.5ms)


Started GET "/app/film" for 127.0.0.1 at 2019-03-22 13:57:34 -0300
Processing by AppController#film as HTML
  Rendering app/film.html.erb within layouts/application
  Rendered app/film.html.erb within layouts/application (0.3ms)
Completed 200 OK in 18ms (Views: 17.1ms)


Started GET "/app/film" for 127.0.0.1 at 2019-03-22 13:57:57 -0300
Processing by AppController#film as HTML
  Rendering app/film.html.erb within layouts/application
  Rendered app/film.html.erb within layouts/application (0.2ms)
Completed 200 OK in 10ms (Views: 9.4ms)


Started GET "/app/film" for 127.0.0.1 at 2019-03-22 13:58:04 -0300
Processing by AppController#film as HTML
  Rendering app/film.html.erb within layouts/application
  Rendered app/film.html.erb within layouts/application (0.2ms)
Completed 200 OK in 10ms (Views: 8.9ms)


Started GET "/app/film" for 127.0.0.1 at 2019-03-22 13:58:58 -0300
Processing by AppController#film as HTML
  Rendering app/film.html.erb within layouts/application
  Rendered app/film.html.erb within layouts/application (0.3ms)
Completed 200 OK in 13ms (Views: 12.5ms)


Started GET "/" for 127.0.0.1 at 2019-03-22 14:00:39 -0300
Processing by AppController#index as HTML
  Rendering app/index.html.erb within layouts/application
  Rendered app/index.html.erb within layouts/application (3.6ms)
Completed 200 OK in 2291ms (Views: 27.7ms)


Started GET "/app/film" for 127.0.0.1 at 2019-03-22 14:00:43 -0300
Processing by AppController#film as HTML
  Rendering app/film.html.erb within layouts/application
  Rendered app/film.html.erb within layouts/application (0.5ms)
Completed 200 OK in 11ms (Views: 10.4ms)


Started GET "/app/film" for 127.0.0.1 at 2019-03-22 14:01:18 -0300
  
SyntaxError (/home/t_pc/Uc/2019-1/TDI/Tarea1-TDI/app/controllers/app_controller.rb:30: syntax error, unexpected keyword_end, expecting end-of-input):
  
app/controllers/app_controller.rb:30: syntax error, unexpected keyword_end, expecting end-of-input
Started GET "/app/film" for 127.0.0.1 at 2019-03-22 14:01:34 -0300
Processing by AppController#film as HTML
  Rendering app/film.html.erb within layouts/application
  Rendered app/film.html.erb within layouts/application (0.3ms)
Completed 200 OK in 12ms (Views: 11.5ms)


Started GET "/app/film" for 127.0.0.1 at 2019-03-22 14:01:37 -0300
Processing by AppController#film as HTML
  Rendering app/film.html.erb within layouts/application
  Rendered app/film.html.erb within layouts/application (0.3ms)
Completed 200 OK in 13ms (Views: 12.2ms)


Started GET "/" for 127.0.0.1 at 2019-03-22 14:02:09 -0300
Processing by AppController#index as HTML
Started GET "/app/film" for 127.0.0.1 at 2019-03-22 14:02:10 -0300
  Rendering app/index.html.erb within layouts/application
  Rendered app/index.html.erb within layouts/application (4.0ms)
Completed 200 OK in 9495ms (Views: 30.7ms)


Started GET "/film" for 127.0.0.1 at 2019-03-22 14:02:18 -0300
  
ActionController::RoutingError (No route matches [GET] "/film"):
  
actionpack (5.1.6.1) lib/action_dispatch/middleware/debug_exceptions.rb:63:in `call'
web-console (3.7.0) lib/web_console/middleware.rb:135:in `call_app'
web-console (3.7.0) lib/web_console/middleware.rb:30:in `block in call'
web-console (3.7.0) lib/web_console/middleware.rb:20:in `catch'
web-console (3.7.0) lib/web_console/middleware.rb:20:in `call'
actionpack (5.1.6.1) lib/action_dispatch/middleware/show_exceptions.rb:31:in `call'
railties (5.1.6.1) lib/rails/rack/logger.rb:36:in `call_app'
railties (5.1.6.1) lib/rails/rack/logger.rb:24:in `block in call'
activesupport (5.1.6.1) lib/active_support/tagged_logging.rb:69:in `block in tagged'
activesupport (5.1.6.1) lib/active_support/tagged_logging.rb:26:in `tagged'
activesupport (5.1.6.1) lib/active_support/tagged_logging.rb:69:in `tagged'
railties (5.1.6.1) lib/rails/rack/logger.rb:24:in `call'
sprockets-rails (3.2.1) lib/sprockets/rails/quiet_assets.rb:13:in `call'
actionpack (5.1.6.1) lib/action_dispatch/middleware/remote_ip.rb:79:in `call'
actionpack (5.1.6.1) lib/action_dispatch/middleware/request_id.rb:25:in `call'
rack (2.0.6) lib/rack/method_override.rb:22:in `call'
rack (2.0.6) lib/rack/runtime.rb:22:in `call'
activesupport (5.1.6.1) lib/active_support/cache/strategy/local_cache_middleware.rb:27:in `call'
actionpack (5.1.6.1) lib/action_dispatch/middleware/executor.rb:12:in `call'
actionpack (5.1.6.1) lib/action_dispatch/middleware/static.rb:125:in `call'
rack (2.0.6) lib/rack/sendfile.rb:111:in `call'
railties (5.1.6.1) lib/rails/engine.rb:522:in `call'
puma (3.12.0) lib/puma/configuration.rb:225:in `call'
puma (3.12.0) lib/puma/server.rb:658:in `handle_request'
puma (3.12.0) lib/puma/server.rb:472:in `process_client'
puma (3.12.0) lib/puma/server.rb:332:in `block in run'
puma (3.12.0) lib/puma/thread_pool.rb:133:in `block in spawn_thread'
Processing by AppController#film as HTML
  Rendering app/film.html.erb within layouts/application
  Rendered app/film.html.erb within layouts/application (0.4ms)
Completed 200 OK in 21ms (Views: 20.3ms)


Started GET "/film" for 127.0.0.1 at 2019-03-22 14:02:21 -0300
  
ActionController::RoutingError (No route matches [GET] "/film"):
  
actionpack (5.1.6.1) lib/action_dispatch/middleware/debug_exceptions.rb:63:in `call'
web-console (3.7.0) lib/web_console/middleware.rb:135:in `call_app'
web-console (3.7.0) lib/web_console/middleware.rb:30:in `block in call'
web-console (3.7.0) lib/web_console/middleware.rb:20:in `catch'
web-console (3.7.0) lib/web_console/middleware.rb:20:in `call'
actionpack (5.1.6.1) lib/action_dispatch/middleware/show_exceptions.rb:31:in `call'
railties (5.1.6.1) lib/rails/rack/logger.rb:36:in `call_app'
railties (5.1.6.1) lib/rails/rack/logger.rb:24:in `block in call'
activesupport (5.1.6.1) lib/active_support/tagged_logging.rb:69:in `block in tagged'
activesupport (5.1.6.1) lib/active_support/tagged_logging.rb:26:in `tagged'
activesupport (5.1.6.1) lib/active_support/tagged_logging.rb:69:in `tagged'
railties (5.1.6.1) lib/rails/rack/logger.rb:24:in `call'
sprockets-rails (3.2.1) lib/sprockets/rails/quiet_assets.rb:13:in `call'
actionpack (5.1.6.1) lib/action_dispatch/middleware/remote_ip.rb:79:in `call'
actionpack (5.1.6.1) lib/action_dispatch/middleware/request_id.rb:25:in `call'
rack (2.0.6) lib/rack/method_override.rb:22:in `call'
rack (2.0.6) lib/rack/runtime.rb:22:in `call'
activesupport (5.1.6.1) lib/active_support/cache/strategy/local_cache_middleware.rb:27:in `call'
actionpack (5.1.6.1) lib/action_dispatch/middleware/executor.rb:12:in `call'
actionpack (5.1.6.1) lib/action_dispatch/middleware/static.rb:125:in `call'
rack (2.0.6) lib/rack/sendfile.rb:111:in `call'
railties (5.1.6.1) lib/rails/engine.rb:522:in `call'
puma (3.12.0) lib/puma/configuration.rb:225:in `call'
puma (3.12.0) lib/puma/server.rb:658:in `handle_request'
puma (3.12.0) lib/puma/server.rb:472:in `process_client'
puma (3.12.0) lib/puma/server.rb:332:in `block in run'
puma (3.12.0) lib/puma/thread_pool.rb:133:in `block in spawn_thread'
Started GET "/" for 127.0.0.1 at 2019-03-22 14:02:26 -0300
Processing by AppController#index as HTML
  Rendering app/index.html.erb within layouts/application
  Rendered app/index.html.erb within layouts/application (3.5ms)
Completed 200 OK in 2417ms (Views: 23.2ms)


Started GET "/app/film" for 127.0.0.1 at 2019-03-22 14:02:30 -0300
Processing by AppController#film as HTML
  Rendering app/film.html.erb within layouts/application
  Rendered app/film.html.erb within layouts/application (0.4ms)
Completed 200 OK in 14ms (Views: 13.0ms)


Started GET "/app/film" for 127.0.0.1 at 2019-03-22 14:03:44 -0300
  
SyntaxError (/home/t_pc/Uc/2019-1/TDI/Tarea1-TDI/app/controllers/app_controller.rb:12: syntax error, unexpected ']'
    @param = params[url:]
                        ^):
  
app/controllers/app_controller.rb:12: syntax error, unexpected ']'
Started GET "/" for 127.0.0.1 at 2019-03-22 14:03:58 -0300
  
SyntaxError (/home/t_pc/Uc/2019-1/TDI/Tarea1-TDI/app/controllers/app_controller.rb:12: syntax error, unexpected ']'
    @param = params[url:]
                        ^):
  
app/controllers/app_controller.rb:12: syntax error, unexpected ']'
Started GET "/" for 127.0.0.1 at 2019-03-22 14:04:02 -0300
  
SyntaxError (/home/t_pc/Uc/2019-1/TDI/Tarea1-TDI/app/controllers/app_controller.rb:12: syntax error, unexpected ']'
    @param = params[url:]
                        ^):
  
app/controllers/app_controller.rb:12: syntax error, unexpected ']'
Started GET "/" for 127.0.0.1 at 2019-03-22 14:04:10 -0300
Processing by AppController#index as HTML
  Rendering app/index.html.erb within layouts/application
  Rendered app/index.html.erb within layouts/application (3.6ms)
Completed 200 OK in 2674ms (Views: 29.9ms)


Started GET "/app/film" for 127.0.0.1 at 2019-03-22 14:04:14 -0300
Processing by AppController#film as HTML
  Rendering app/film.html.erb within layouts/application
  Rendered app/film.html.erb within layouts/application (0.4ms)
Completed 200 OK in 16ms (Views: 15.1ms)


Started GET "/" for 127.0.0.1 at 2019-03-22 14:04:39 -0300
Processing by AppController#index as HTML
  Rendering app/index.html.erb within layouts/application
  Rendered app/index.html.erb within layouts/application (3.4ms)
Completed 200 OK in 3250ms (Views: 22.9ms)


Started GET "/app/film?url=https%3A%2F%2Fswapi.co%2Fapi%2Ffilms%2F1%2F" for 127.0.0.1 at 2019-03-22 14:04:45 -0300
Processing by AppController#film as HTML
  Parameters: {"url"=>"https://swapi.co/api/films/1/"}
  Rendering app/film.html.erb within layouts/application
  Rendered app/film.html.erb within layouts/application (0.3ms)
Completed 200 OK in 10ms (Views: 9.2ms)


Started GET "/app/film?url=https%3A%2F%2Fswapi.co%2Fapi%2Ffilms%2F1%2F" for 127.0.0.1 at 2019-03-22 14:05:35 -0300
Processing by AppController#film as HTML
  Parameters: {"url"=>"https://swapi.co/api/films/1/"}
  Rendering app/film.html.erb within layouts/application
  Rendered app/film.html.erb within layouts/application (0.4ms)
Completed 200 OK in 1603ms (Views: 14.2ms)


Started GET "/" for 127.0.0.1 at 2019-03-22 14:05:38 -0300
Processing by AppController#index as HTML
  Rendering app/index.html.erb within layouts/application
  Rendered app/index.html.erb within layouts/application (3.9ms)
Completed 200 OK in 3375ms (Views: 32.7ms)


Started GET "/app/film?url=https%3A%2F%2Fswapi.co%2Fapi%2Ffilms%2F5%2F" for 127.0.0.1 at 2019-03-22 14:05:44 -0300
Processing by AppController#film as HTML
  Parameters: {"url"=>"https://swapi.co/api/films/5/"}
  Rendering app/film.html.erb within layouts/application
  Rendered app/film.html.erb within layouts/application (0.9ms)
Completed 200 OK in 1838ms (Views: 25.3ms)


Started GET "/app/film?url=https%3A%2F%2Fswapi.co%2Fapi%2Ffilms%2F5%2F" for 127.0.0.1 at 2019-03-22 14:06:03 -0300
Processing by AppController#film as HTML
  Parameters: {"url"=>"https://swapi.co/api/films/5/"}
  Rendering app/film.html.erb within layouts/application
  Rendered app/film.html.erb within layouts/application (0.9ms)
Completed 200 OK in 1668ms (Views: 28.0ms)


Started GET "/" for 127.0.0.1 at 2019-03-22 14:06:06 -0300
Processing by AppController#index as HTML
  Rendering app/index.html.erb within layouts/application
  Rendered app/index.html.erb within layouts/application (3.7ms)
Completed 200 OK in 4701ms (Views: 26.9ms)


Started GET "/app/film?url=https%3A%2F%2Fswapi.co%2Fapi%2Ffilms%2F4%2F" for 127.0.0.1 at 2019-03-22 14:06:13 -0300
Processing by AppController#film as HTML
  Parameters: {"url"=>"https://swapi.co/api/films/4/"}
  Rendering app/film.html.erb within layouts/application
  Rendered app/film.html.erb within layouts/application (0.8ms)
Completed 200 OK in 2288ms (Views: 31.5ms)


Started GET "/" for 127.0.0.1 at 2019-03-22 14:06:19 -0300
Processing by AppController#index as HTML
  Rendering app/index.html.erb within layouts/application
  Rendered app/index.html.erb within layouts/application (3.7ms)
Completed 200 OK in 3041ms (Views: 25.0ms)


Started GET "/app/film?url=https%3A%2F%2Fswapi.co%2Fapi%2Ffilms%2F1%2F" for 127.0.0.1 at 2019-03-22 14:06:24 -0300
Processing by AppController#film as HTML
  Parameters: {"url"=>"https://swapi.co/api/films/1/"}
  Rendering app/film.html.erb within layouts/application
  Rendered app/film.html.erb within layouts/application (0.8ms)
Completed 200 OK in 1382ms (Views: 25.4ms)


Started GET "/" for 127.0.0.1 at 2019-03-22 14:06:38 -0300
Processing by AppController#index as HTML
  Rendering app/index.html.erb within layouts/application
  Rendered app/index.html.erb within layouts/application (3.2ms)
Completed 200 OK in 2490ms (Views: 24.3ms)


Started GET "/app/film?url=https%3A%2F%2Fswapi.co%2Fapi%2Ffilms%2F1%2F" for 127.0.0.1 at 2019-03-22 14:06:42 -0300
Processing by AppController#film as HTML
  Parameters: {"url"=>"https://swapi.co/api/films/1/"}
  Rendering app/film.html.erb within layouts/application
  Rendered app/film.html.erb within layouts/application (0.9ms)
Completed 200 OK in 1370ms (Views: 26.1ms)


Started GET "/" for 127.0.0.1 at 2019-03-22 16:08:27 -0300
Processing by AppController#index as HTML
  Rendering app/index.html.erb within layouts/application
  Rendered app/index.html.erb within layouts/application (15.2ms)
Completed 200 OK in 6811ms (Views: 319.3ms)


Started GET "/app/film?url=https%3A%2F%2Fswapi.co%2Fapi%2Ffilms%2F1%2F" for 127.0.0.1 at 2019-03-22 16:08:37 -0300
Processing by AppController#film as HTML
  Parameters: {"url"=>"https://swapi.co/api/films/1/"}
  Rendering app/film.html.erb within layouts/application
  Rendered app/film.html.erb within layouts/application (0.9ms)
Completed 200 OK in 929ms (Views: 27.4ms)


Started GET "/app/film?url=https%3A%2F%2Fswapi.co%2Fapi%2Ffilms%2F1%2F" for 127.0.0.1 at 2019-03-22 16:11:02 -0300
Processing by AppController#film as HTML
  Parameters: {"url"=>"https://swapi.co/api/films/1/"}
  Rendering app/film.html.erb within layouts/application
  Rendered app/film.html.erb within layouts/application (0.8ms)
Completed 200 OK in 877ms (Views: 27.4ms)


Started GET "/" for 127.0.0.1 at 2019-03-22 16:11:07 -0300
Processing by AppController#index as HTML
  Rendering app/index.html.erb within layouts/application
  Rendered app/index.html.erb within layouts/application (1.1ms)
Completed 200 OK in 1653ms (Views: 11.5ms)


Started GET "/" for 127.0.0.1 at 2019-03-22 16:11:53 -0300
Processing by AppController#index as HTML
  Rendering app/index.html.erb within layouts/application
  Rendered app/index.html.erb within layouts/application (1.1ms)
Completed 200 OK in 2519ms (Views: 11.9ms)


Started GET "/" for 127.0.0.1 at 2019-03-22 16:12:10 -0300
Processing by AppController#index as HTML
  Rendering app/index.html.erb within layouts/application
  Rendered app/index.html.erb within layouts/application (2.1ms)
Completed 200 OK in 2027ms (Views: 19.8ms)


Started GET "/" for 127.0.0.1 at 2019-03-22 16:15:40 -0300
Processing by AppController#index as HTML
  Rendering app/index.html.erb within layouts/application
  Rendered app/index.html.erb within layouts/application (1.4ms)
Completed 200 OK in 2210ms (Views: 24.2ms)


Started GET "/app/film?url=https%3A%2F%2Fswapi.co%2Fapi%2Ffilms%2F1%2F" for 127.0.0.1 at 2019-03-22 16:17:00 -0300
Processing by AppController#film as HTML
  Parameters: {"url"=>"https://swapi.co/api/films/1/"}
  Rendering app/film.html.erb within layouts/application
  Rendered app/film.html.erb within layouts/application (0.8ms)
Completed 200 OK in 901ms (Views: 27.2ms)


Started GET "/app/film?url=https%3A%2F%2Fswapi.co%2Fapi%2Ffilms%2F1%2F" for 127.0.0.1 at 2019-03-22 16:23:12 -0300
Processing by AppController#film as HTML
  Parameters: {"url"=>"https://swapi.co/api/films/1/"}
  Rendering app/film.html.erb within layouts/application
  Rendered app/film.html.erb within layouts/application (0.9ms)
Completed 200 OK in 2234ms (Views: 25.2ms)


Started GET "/" for 127.0.0.1 at 2019-03-22 16:23:15 -0300
Processing by AppController#index as HTML
  Rendering app/index.html.erb within layouts/application
  Rendered app/index.html.erb within layouts/application (162.1ms)
Completed 500 Internal Server Error in 2855ms


  
ActionView::Template::Error (undefined local variable or method `info' for #<#<Class:0x000055a7af47b740>:0x00007f35e17436c8>):
    18:       <td><%= film["director"] %></td>
    19:       <td><%= film["producer"] %></td>
    20:       <td><%= film["release_date"] %></td>
    21:       <td><%= link_to más info, {controller: "app", action: "film", url: film["url"]} %></td>
    22:     </tr>
    23:     <% end %>
    24:   </tbody>
  
app/views/app/index.html.erb:21:in `block in _app_views_app_index_html_erb___2372694019949153662_69934696261160'
app/views/app/index.html.erb:14:in `each'
app/views/app/index.html.erb:14:in `_app_views_app_index_html_erb___2372694019949153662_69934696261160'
Started GET "/" for 127.0.0.1 at 2019-03-22 16:23:36 -0300
Processing by AppController#index as HTML
  Rendering app/index.html.erb within layouts/application
  Rendered app/index.html.erb within layouts/application (6.6ms)
Completed 200 OK in 1873ms (Views: 34.6ms)


Started GET "/app/film?url=https%3A%2F%2Fswapi.co%2Fapi%2Ffilms%2F1%2F" for 127.0.0.1 at 2019-03-22 16:23:40 -0300
Processing by AppController#film as HTML
  Parameters: {"url"=>"https://swapi.co/api/films/1/"}
  Rendering app/film.html.erb within layouts/application
  Rendered app/film.html.erb within layouts/application (1.8ms)
Completed 200 OK in 289ms (Views: 34.6ms)


Started GET "/app/film?url=https%3A%2F%2Fswapi.co%2Fapi%2Ffilms%2F1%2F" for 127.0.0.1 at 2019-03-22 16:24:03 -0300
Processing by AppController#film as HTML
  Parameters: {"url"=>"https://swapi.co/api/films/1/"}
  Rendering app/film.html.erb within layouts/application
  Rendered app/film.html.erb within layouts/application (0.7ms)
Completed 200 OK in 739ms (Views: 44.9ms)


Started GET "/" for 127.0.0.1 at 2019-03-22 16:30:26 -0300
Processing by AppController#index as HTML
  Rendering app/index.html.erb within layouts/application
  Rendered app/index.html.erb within layouts/application (5.2ms)
Completed 200 OK in 1788ms (Views: 31.2ms)


Started GET "/" for 127.0.0.1 at 2019-03-22 16:30:29 -0300
Processing by AppController#index as HTML
  Rendering app/index.html.erb within layouts/application
  Rendered app/index.html.erb within layouts/application (1.6ms)
Completed 200 OK in 1661ms (Views: 12.0ms)


Started GET "/app/film?url=https%3A%2F%2Fswapi.co%2Fapi%2Ffilms%2F1%2F" for 127.0.0.1 at 2019-03-22 16:30:32 -0300
Processing by AppController#film as HTML
  Parameters: {"url"=>"https://swapi.co/api/films/1/"}
  Rendering app/film.html.erb within layouts/application
  Rendered app/film.html.erb within layouts/application (2.4ms)
Completed 200 OK in 14012ms (Views: 29.8ms)


Started GET "/app/film?url=https%3A%2F%2Fswapi.co%2Fapi%2Ffilms%2F1%2F" for 127.0.0.1 at 2019-03-22 16:31:19 -0300
Processing by AppController#film as HTML
  Parameters: {"url"=>"https://swapi.co/api/films/1/"}
  Rendering app/film.html.erb within layouts/application
  Rendered app/film.html.erb within layouts/application (1.1ms)
Completed 200 OK in 11845ms (Views: 12.2ms)


Started GET "/app/film?url=https%3A%2F%2Fswapi.co%2Fapi%2Ffilms%2F1%2F" for 127.0.0.1 at 2019-03-22 16:31:39 -0300
Processing by AppController#film as HTML
  Parameters: {"url"=>"https://swapi.co/api/films/1/"}
  Rendering app/film.html.erb within layouts/application
  Rendered app/film.html.erb within layouts/application (2.3ms)
Completed 200 OK in 12025ms (Views: 28.0ms)


Started GET "/app/film?url=https%3A%2F%2Fswapi.co%2Fapi%2Ffilms%2F1%2F" for 127.0.0.1 at 2019-03-22 17:41:00 -0300
Processing by AppController#film as HTML
  Parameters: {"url"=>"https://swapi.co/api/films/1/"}
  Rendering app/film.html.erb within layouts/application
  Rendered app/film.html.erb within layouts/application (18.6ms)
Completed 500 Internal Server Error in 14988ms


  
ActionView::Template::Error (undefined method `each' for nil:NilClass):
    12:     <th>Fecha lanzamiento</th>
    13:   </thead>
    14:   <tbody>
    15:     <% @films.each do |film| %>
    16:     <tr>
    17:       <td><%= link_to film["title"], {controller: "app", action: "film", url: film["url"]} %></td>
    18:       <td><%= film["episode_id"] %></td>
  
app/views/app/film.html.erb:15:in `_app_views_app_film_html_erb__1080878382261109224_47348151516180'
Started GET "/" for 127.0.0.1 at 2019-03-22 17:43:08 -0300
Processing by AppController#index as HTML
  Rendering app/index.html.erb within layouts/application
  Rendered app/index.html.erb within layouts/application (4.1ms)
Completed 200 OK in 2043ms (Views: 285.8ms)


Started GET "/app/film?url=https%3A%2F%2Fswapi.co%2Fapi%2Ffilms%2F1%2F" for 127.0.0.1 at 2019-03-22 17:43:17 -0300
Processing by AppController#film as HTML
  Parameters: {"url"=>"https://swapi.co/api/films/1/"}
Completed 500 Internal Server Error in 856ms


  
NoMethodError (undefined method `[]' for nil:NilClass):
  
app/controllers/app_controller.rb:8:in `film'
Started GET "/app/film?url=https%3A%2F%2Fswapi.co%2Fapi%2Ffilms%2F1%2F" for 127.0.0.1 at 2019-03-22 17:43:32 -0300
Processing by AppController#film as HTML
  Parameters: {"url"=>"https://swapi.co/api/films/1/"}
  Rendering app/film.html.erb within layouts/application
  Rendered app/film.html.erb within layouts/application (6.1ms)
Completed 200 OK in 12896ms (Views: 38.2ms)


Started GET "/app/film?url=https%3A%2F%2Fswapi.co%2Fapi%2Ffilms%2F1%2F" for 127.0.0.1 at 2019-03-22 17:44:21 -0300
Processing by AppController#film as HTML
  Parameters: {"url"=>"https://swapi.co/api/films/1/"}
  Rendering app/film.html.erb within layouts/application
  Rendered app/film.html.erb within layouts/application (1.2ms)
Completed 200 OK in 11808ms (Views: 12.1ms)


Started GET "/app/film?url=https%3A%2F%2Fswapi.co%2Fapi%2Ffilms%2F1%2F" for 127.0.0.1 at 2019-03-22 17:50:25 -0300
Processing by AppController#film as HTML
  Parameters: {"url"=>"https://swapi.co/api/films/1/"}
  Rendering app/film.html.erb within layouts/application
  Rendered app/film.html.erb within layouts/application (1.8ms)
Completed 200 OK in 21269ms (Views: 12.8ms)


Started GET "/app/film?url=https%3A%2F%2Fswapi.co%2Fapi%2Ffilms%2F1%2F" for 127.0.0.1 at 2019-03-22 17:51:36 -0300
Processing by AppController#film as HTML
  Parameters: {"url"=>"https://swapi.co/api/films/1/"}
  Rendering app/film.html.erb within layouts/application
  Rendered app/film.html.erb within layouts/application (1.6ms)
Completed 200 OK in 38160ms (Views: 13.2ms)


Started GET "/app/film?url=https%3A%2F%2Fswapi.co%2Fapi%2Ffilms%2F1%2F" for 127.0.0.1 at 2019-03-22 17:53:05 -0300
Processing by AppController#film as HTML
  Parameters: {"url"=>"https://swapi.co/api/films/1/"}
  Rendering app/film.html.erb within layouts/application
  Rendered app/film.html.erb within layouts/application (4.6ms)
Completed 200 OK in 18640ms (Views: 29.5ms)


Started GET "/app/film?url=https%3A%2F%2Fswapi.co%2Fapi%2Ffilms%2F1%2F" for 127.0.0.1 at 2019-03-22 17:55:41 -0300
Processing by AppController#film as HTML
  Parameters: {"url"=>"https://swapi.co/api/films/1/"}
  Rendering app/film.html.erb within layouts/application
  Rendered app/film.html.erb within layouts/application (1.6ms)
Completed 200 OK in 19209ms (Views: 28.1ms)


Started GET "/app/film?url=https%3A%2F%2Fswapi.co%2Fapi%2Ffilms%2F1%2F" for 127.0.0.1 at 2019-03-22 17:56:59 -0300
Processing by AppController#film as HTML
  Parameters: {"url"=>"https://swapi.co/api/films/1/"}
  Rendering app/film.html.erb within layouts/application
  Rendered app/film.html.erb within layouts/application (1.7ms)
Completed 200 OK in 21093ms (Views: 18.2ms)


Started GET "/app/film?url=https%3A%2F%2Fswapi.co%2Fapi%2Ffilms%2F1%2F" for 127.0.0.1 at 2019-03-22 18:00:16 -0300
Processing by AppController#film as HTML
  Parameters: {"url"=>"https://swapi.co/api/films/1/"}
  Rendering app/film.html.erb within layouts/application
  Rendered app/film.html.erb within layouts/application (1.7ms)
Completed 200 OK in 20764ms (Views: 17.9ms)


Started GET "/app/film?url=https%3A%2F%2Fswapi.co%2Fapi%2Ffilms%2F1%2F" for 127.0.0.1 at 2019-03-22 18:00:41 -0300
Processing by AppController#film as HTML
  Parameters: {"url"=>"https://swapi.co/api/films/1/"}
  Rendering app/film.html.erb within layouts/application
  Rendered app/film.html.erb within layouts/application (4.7ms)
Completed 200 OK in 16301ms (Views: 30.3ms)


Started GET "/" for 127.0.0.1 at 2019-03-22 18:01:06 -0300
Processing by AppController#index as HTML
  Rendering app/index.html.erb within layouts/application
  Rendered app/index.html.erb within layouts/application (5.0ms)
Completed 200 OK in 1678ms (Views: 30.6ms)


Started GET "/" for 127.0.0.1 at 2019-03-22 18:03:51 -0300
Processing by AppController#index as HTML
Completed 500 Internal Server Error in 30662ms


  
JSON::ParserError (765: unexpected token at '<!DOCTYPE html>
<html>
<head>
<meta name="viewport" content="width=device-width, initial-scale=1">
<meta charset="utf-8">
<title>Application Error</title>
<style media="screen">
		  html,body,iframe {
			margin: 0;
			padding: 0;
		  }
		  html,body {
			height: 100%;
			overflow: hidden;
		  }
		  iframe {
			width: 100%;
			height: 100%;
			border: 0;
		  }
		</style>
</head>
<body>
<iframe src="//www.herokucdn.com/error-pages/application-error.html"></iframe>
</body>
</html>'):
  
app/controllers/app_controller.rb:40:in `index'
Started GET "/" for 127.0.0.1 at 2019-03-22 18:05:09 -0300
Processing by AppController#index as HTML
Completed 500 Internal Server Error in 30652ms


  
JSON::ParserError (765: unexpected token at '<!DOCTYPE html>
<html>
<head>
<meta name="viewport" content="width=device-width, initial-scale=1">
<meta charset="utf-8">
<title>Application Error</title>
<style media="screen">
		  html,body,iframe {
			margin: 0;
			padding: 0;
		  }
		  html,body {
			height: 100%;
			overflow: hidden;
		  }
		  iframe {
			width: 100%;
			height: 100%;
			border: 0;
		  }
		</style>
</head>
<body>
<iframe src="//www.herokucdn.com/error-pages/application-error.html"></iframe>
</body>
</html>'):
  
app/controllers/app_controller.rb:40:in `index'
Started GET "/" for 127.0.0.1 at 2019-03-22 18:13:19 -0300
Processing by AppController#index as HTML
  Rendering app/index.html.erb within layouts/application
  Rendered app/index.html.erb within layouts/application (5.6ms)
Completed 200 OK in 1818ms (Views: 41.9ms)


Started GET "/app/film?url=https%3A%2F%2Fswapi.co%2Fapi%2Ffilms%2F1%2F" for 127.0.0.1 at 2019-03-22 18:13:28 -0300
Processing by AppController#film as HTML
  Parameters: {"url"=>"https://swapi.co/api/films/1/"}
  Rendering app/film.html.erb within layouts/application
  Rendered app/film.html.erb within layouts/application (4.6ms)
Completed 200 OK in 18899ms (Views: 29.3ms)


Started GET "/app/film?url=https%3A%2F%2Fswapi.co%2Fapi%2Ffilms%2F1%2F" for 127.0.0.1 at 2019-03-22 18:14:44 -0300
Processing by AppController#film as HTML
  Parameters: {"url"=>"https://swapi.co/api/films/1/"}
  Rendering app/film.html.erb within layouts/application
  Rendered app/film.html.erb within layouts/application (1.8ms)
Completed 200 OK in 19010ms (Views: 19.6ms)


Started GET "/app/film?url=https%3A%2F%2Fswapi.co%2Fapi%2Ffilms%2F1%2F" for 127.0.0.1 at 2019-03-22 18:15:29 -0300
Processing by AppController#film as HTML
  Parameters: {"url"=>"https://swapi.co/api/films/1/"}
  Rendering app/film.html.erb within layouts/application
  Rendered app/film.html.erb within layouts/application (1.5ms)
Completed 200 OK in 28655ms (Views: 20.1ms)


Started GET "/app/film?url=https%3A%2F%2Fswapi.co%2Fapi%2Ffilms%2F1%2F" for 127.0.0.1 at 2019-03-22 18:17:23 -0300
Processing by AppController#film as HTML
  Parameters: {"url"=>"https://swapi.co/api/films/1/"}
  Rendering app/film.html.erb within layouts/application
  Rendered app/film.html.erb within layouts/application (4.3ms)
Completed 200 OK in 17973ms (Views: 42.0ms)


Started GET "/" for 127.0.0.1 at 2019-03-22 18:18:17 -0300
Processing by AppController#index as HTML
  Rendering app/index.html.erb within layouts/application
  Rendered app/index.html.erb within layouts/application (5.2ms)
Completed 200 OK in 1770ms (Views: 46.1ms)


Started GET "/" for 127.0.0.1 at 2019-03-22 18:18:37 -0300
Processing by AppController#index as HTML
  Rendering app/index.html.erb within layouts/application
  Rendered app/index.html.erb within layouts/application (1.8ms)
Completed 200 OK in 1552ms (Views: 20.9ms)


Started GET "/app/film?url=https%3A%2F%2Fswapi.co%2Fapi%2Ffilms%2F1%2F" for 127.0.0.1 at 2019-03-22 18:18:49 -0300
Processing by AppController#film as HTML
  Parameters: {"url"=>"https://swapi.co/api/films/1/"}
  Rendering app/film.html.erb within layouts/application
  Rendered app/film.html.erb within layouts/application (4.4ms)
Completed 200 OK in 18983ms (Views: 30.9ms)


Started GET "/" for 127.0.0.1 at 2019-03-22 18:20:32 -0300
Processing by AppController#index as HTML
  Rendering app/index.html.erb within layouts/application
  Rendered app/index.html.erb within layouts/application (5.1ms)
Completed 200 OK in 1979ms (Views: 31.0ms)


Started GET "/" for 127.0.0.1 at 2019-03-22 18:21:02 -0300
Processing by AppController#index as HTML
  Rendering app/index.html.erb within layouts/application
  Rendered app/index.html.erb within layouts/application (1.6ms)
Completed 200 OK in 1802ms (Views: 19.9ms)


Started GET "/" for 127.0.0.1 at 2019-03-22 18:21:18 -0300
Processing by AppController#index as HTML
  Rendering app/index.html.erb within layouts/application
  Rendered app/index.html.erb within layouts/application (1.8ms)
Completed 200 OK in 2147ms (Views: 20.1ms)


Started GET "/" for 127.0.0.1 at 2019-03-22 18:21:49 -0300
Processing by AppController#index as HTML
  Rendering app/index.html.erb within layouts/application
  Rendered app/index.html.erb within layouts/application (5.3ms)
Completed 200 OK in 1803ms (Views: 47.2ms)


Started GET "/app/film?url=https%3A%2F%2Fswapi.co%2Fapi%2Ffilms%2F1%2F" for 127.0.0.1 at 2019-03-22 18:22:09 -0300
Processing by AppController#film as HTML
  Parameters: {"url"=>"https://swapi.co/api/films/1/"}
  Rendering app/film.html.erb within layouts/application
  Rendered app/film.html.erb within layouts/application (4.4ms)
Completed 200 OK in 18171ms (Views: 33.9ms)


Started GET "/" for 127.0.0.1 at 2019-03-22 18:26:58 -0300
Processing by AppController#index as HTML
  Rendering app/index.html.erb within layouts/application
  Rendered app/index.html.erb within layouts/application (5.4ms)
Completed 200 OK in 1689ms (Views: 40.3ms)


Started GET "/" for 127.0.0.1 at 2019-03-22 18:27:27 -0300
Processing by AppController#index as HTML
  Rendering app/index.html.erb within layouts/application
  Rendered app/index.html.erb within layouts/application (5.3ms)
Completed 200 OK in 1958ms (Views: 44.9ms)


Started GET "/" for 127.0.0.1 at 2019-03-22 18:27:43 -0300
Processing by AppController#index as HTML
  Rendering app/index.html.erb within layouts/application
  Rendered app/index.html.erb within layouts/application (5.3ms)
Completed 200 OK in 1745ms (Views: 31.9ms)


Started GET "/app/film?url=https%3A%2F%2Fswapi.co%2Fapi%2Ffilms%2F1%2F" for 127.0.0.1 at 2019-03-22 18:27:49 -0300
Processing by AppController#film as HTML
  Parameters: {"url"=>"https://swapi.co/api/films/1/"}
Started GET "/" for 127.0.0.1 at 2019-03-22 18:28:02 -0300
Processing by AppController#index as HTML
  Rendering app/index.html.erb within layouts/application
  Rendered app/index.html.erb within layouts/application (1.6ms)
Completed 200 OK in 1444ms (Views: 10.9ms)


Started GET "/" for 127.0.0.1 at 2019-03-22 18:28:03 -0300
Processing by AppController#index as HTML
  Rendering app/index.html.erb within layouts/application
  Rendered app/index.html.erb within layouts/application (1.7ms)
Completed 200 OK in 1878ms (Views: 11.8ms)


  Rendering app/film.html.erb within layouts/application
  Rendered app/film.html.erb within layouts/application (18.3ms)
Completed 500 Internal Server Error in 17950ms


  
SyntaxError (/home/t_pc/Uc/2019-1/TDI/Tarea1-TDI/app/views/app/film.html.erb:16: syntax error, unexpected keyword_class, expecting keyword_do or '{' or '('
...ffer.append=( link_to <td class="hover"> @film["title"] </td...
...                          ^~~~~
/home/t_pc/Uc/2019-1/TDI/Tarea1-TDI/app/views/app/film.html.erb:17: unknown regexp options - td
/home/t_pc/Uc/2019-1/TDI/Tarea1-TDI/app/views/app/film.html.erb:17: unmatched close parenthesis: /td>, {controller: "app", action: "film", url: @film["url"]} );@output_buffer.safe_append='
      <td>'.freeze;@output_buffer.append=( @film["episode_id"] );@output_buffer.safe_append='</
/home/t_pc/Uc/2019-1/TDI/Tarea1-TDI/app/views/app/film.html.erb:18: syntax error, unexpected '<'
      <td class="hover">'.freeze;@ou...
      ^
/home/t_pc/Uc/2019-1/TDI/Tarea1-TDI/app/views/app/film.html.erb:19: unknown regexp options - td
/home/t_pc/Uc/2019-1/TDI/Tarea1-TDI/app/views/app/film.html.erb:20: syntax error, unexpected '<'
      <td>'.freeze;@output_buffer.ap...
      ^
/home/t_pc/Uc/2019-1/TDI/Tarea1-TDI/app/views/app/film.html.erb:21: unknown regexp options - tr
/home/t_pc/Uc/2019-1/TDI/Tarea1-TDI/app/views/app/film.html.erb:22: syntax error, unexpected '<'
  </tbody>
  ^
/home/t_pc/Uc/2019-1/TDI/Tarea1-TDI/app/views/app/film.html.erb:23: unknown regexp options - tabl
/home/t_pc/Uc/2019-1/TDI/Tarea1-TDI/app/views/app/film.html.erb:24: syntax error, unexpected '<'
<table>
^
/home/t_pc/Uc/2019-1/TDI/Tarea1-TDI/app/views/app/film.html.erb:27: unknown regexp options - thad
/home/t_pc/Uc/2019-1/TDI/Tarea1-TDI/app/views/app/film.html.erb:28: syntax error, unexpected '<'
  <tbody>
  ^
/home/t_pc/Uc/2019-1/TDI/Tarea1-TDI/app/views/app/film.html.erb:32: unknown regexp options - tbdy
/home/t_pc/Uc/2019-1/TDI/Tarea1-TDI/app/views/app/film.html.erb:33: syntax error, unexpected '<'
</table>
^
/home/t_pc/Uc/2019-1/TDI/Tarea1-TDI/app/views/app/film.html.erb:36: unknown regexp options - th
/home/t_pc/Uc/2019-1/TDI/Tarea1-TDI/app/views/app/film.html.erb:37: syntax error, unexpected '<'
  </thead>
  ^
/home/t_pc/Uc/2019-1/TDI/Tarea1-TDI/app/views/app/film.html.erb:40: unknown regexp options - td
/home/t_pc/Uc/2019-1/TDI/Tarea1-TDI/app/views/app/film.html.erb:43: unknown regexp options - tabl
/home/t_pc/Uc/2019-1/TDI/Tarea1-TDI/app/views/app/film.html.erb:44: syntax error, unexpected '<'
<table>
^
/home/t_pc/Uc/2019-1/TDI/Tarea1-TDI/app/views/app/film.html.erb:47: unknown regexp options - thad
/home/t_pc/Uc/2019-1/TDI/Tarea1-TDI/app/views/app/film.html.erb:48: syntax error, unexpected '<'
  <tbody>
  ^
/home/t_pc/Uc/2019-1/TDI/Tarea1-TDI/app/views/app/film.html.erb:52: unknown regexp options - tbdy
/home/t_pc/Uc/2019-1/TDI/Tarea1-TDI/app/views/app/film.html.erb:53: syntax error, unexpected '<'
</table>
^
/home/t_pc/Uc/2019-1/TDI/Tarea1-TDI/app/views/app/film.html.erb:58: unterminated regexp meets end of file
          end
             ^
/home/t_pc/Uc/2019-1/TDI/Tarea1-TDI/app/views/app/film.html.erb:58: syntax error, unexpected end-of-input, expecting ')'
          end
             ^):
  
app/views/app/film.html.erb:16: syntax error, unexpected keyword_class, expecting keyword_do or '{' or '('
app/views/app/film.html.erb:17: unknown regexp options - td
app/views/app/film.html.erb:17: unmatched close parenthesis: /td>, {controller: "app", action: "film", url: @film["url"]} );@output_buffer.safe_append='
app/views/app/film.html.erb:18: syntax error, unexpected '<'
app/views/app/film.html.erb:19: unknown regexp options - td
app/views/app/film.html.erb:20: syntax error, unexpected '<'
app/views/app/film.html.erb:21: unknown regexp options - tr
app/views/app/film.html.erb:22: syntax error, unexpected '<'
app/views/app/film.html.erb:23: unknown regexp options - tabl
app/views/app/film.html.erb:24: syntax error, unexpected '<'
app/views/app/film.html.erb:27: unknown regexp options - thad
app/views/app/film.html.erb:28: syntax error, unexpected '<'
app/views/app/film.html.erb:32: unknown regexp options - tbdy
app/views/app/film.html.erb:33: syntax error, unexpected '<'
app/views/app/film.html.erb:36: unknown regexp options - th
app/views/app/film.html.erb:37: syntax error, unexpected '<'
app/views/app/film.html.erb:40: unknown regexp options - td
app/views/app/film.html.erb:43: unknown regexp options - tabl
app/views/app/film.html.erb:44: syntax error, unexpected '<'
app/views/app/film.html.erb:47: unknown regexp options - thad
app/views/app/film.html.erb:48: syntax error, unexpected '<'
app/views/app/film.html.erb:52: unknown regexp options - tbdy
app/views/app/film.html.erb:53: syntax error, unexpected '<'
app/views/app/film.html.erb:58: unterminated regexp meets end of file
app/views/app/film.html.erb:58: syntax error, unexpected end-of-input, expecting ')'
Started GET "/" for 127.0.0.1 at 2019-03-22 18:29:58 -0300
Processing by AppController#index as HTML
  Rendering app/index.html.erb within layouts/application
  Rendered app/index.html.erb within layouts/application (5.1ms)
Completed 200 OK in 1911ms (Views: 30.5ms)


Started GET "/app/film?url=https%3A%2F%2Fswapi.co%2Fapi%2Ffilms%2F1%2F" for 127.0.0.1 at 2019-03-22 18:30:04 -0300
Processing by AppController#film as HTML
  Parameters: {"url"=>"https://swapi.co/api/films/1/"}
  Rendering app/film.html.erb within layouts/application
  Rendered app/film.html.erb within layouts/application (4.2ms)
Completed 200 OK in 18448ms (Views: 28.4ms)


Started GET "/app/film?url=https%3A%2F%2Fswapi.co%2Fapi%2Ffilms%2F1%2F" for 127.0.0.1 at 2019-03-22 18:30:57 -0300
Processing by AppController#film as HTML
  Parameters: {"url"=>"https://swapi.co/api/films/1/"}
  Rendering app/film.html.erb within layouts/application
  Rendered app/film.html.erb within layouts/application (4.2ms)
Completed 200 OK in 16963ms (Views: 27.7ms)


Started GET "/app/film?url=https%3A%2F%2Fswapi.co%2Fapi%2Ffilms%2F1%2F" for 127.0.0.1 at 2019-03-22 18:31:28 -0300
Processing by AppController#film as HTML
  Parameters: {"url"=>"https://swapi.co/api/films/1/"}
Started GET "/app/film?url=https%3A%2F%2Fswapi.co%2Fapi%2Ffilms%2F1%2F" for 127.0.0.1 at 2019-03-22 18:31:30 -0300
Processing by AppController#film as HTML
  Parameters: {"url"=>"https://swapi.co/api/films/1/"}
  Rendering app/film.html.erb within layouts/application
  Rendered app/film.html.erb within layouts/application (1.6ms)
Completed 200 OK in 14271ms (Views: 12.1ms)


  Rendering app/film.html.erb within layouts/application
  Rendered app/film.html.erb within layouts/application (0.9ms)
Completed 200 OK in 15343ms (Views: 10.6ms)


Started GET "/app/film?url=https%3A%2F%2Fswapi.co%2Fapi%2Ffilms%2F5%2F" for 127.0.0.1 at 2019-03-22 18:31:51 -0300
Processing by AppController#film as HTML
  Parameters: {"url"=>"https://swapi.co/api/films/5/"}
  Rendering app/film.html.erb within layouts/application
  Rendered app/film.html.erb within layouts/application (2.0ms)
Completed 200 OK in 25025ms (Views: 12.0ms)


Started GET "/" for 127.0.0.1 at 2019-03-22 21:53:05 -0300
Processing by AppController#index as HTML
  Rendering app/index.html.erb within layouts/application
  Rendered app/index.html.erb within layouts/application (13.5ms)
Completed 200 OK in 2422ms (Views: 281.3ms)


Started GET "/asd" for 127.0.0.1 at 2019-03-22 21:53:58 -0300
  
ActionController::RoutingError (No route matches [GET] "/asd"):
  
actionpack (5.1.6.1) lib/action_dispatch/middleware/debug_exceptions.rb:63:in `call'
web-console (3.7.0) lib/web_console/middleware.rb:135:in `call_app'
web-console (3.7.0) lib/web_console/middleware.rb:30:in `block in call'
web-console (3.7.0) lib/web_console/middleware.rb:20:in `catch'
web-console (3.7.0) lib/web_console/middleware.rb:20:in `call'
actionpack (5.1.6.1) lib/action_dispatch/middleware/show_exceptions.rb:31:in `call'
railties (5.1.6.1) lib/rails/rack/logger.rb:36:in `call_app'
railties (5.1.6.1) lib/rails/rack/logger.rb:24:in `block in call'
activesupport (5.1.6.1) lib/active_support/tagged_logging.rb:69:in `block in tagged'
activesupport (5.1.6.1) lib/active_support/tagged_logging.rb:26:in `tagged'
activesupport (5.1.6.1) lib/active_support/tagged_logging.rb:69:in `tagged'
railties (5.1.6.1) lib/rails/rack/logger.rb:24:in `call'
sprockets-rails (3.2.1) lib/sprockets/rails/quiet_assets.rb:13:in `call'
actionpack (5.1.6.1) lib/action_dispatch/middleware/remote_ip.rb:79:in `call'
actionpack (5.1.6.1) lib/action_dispatch/middleware/request_id.rb:25:in `call'
rack (2.0.6) lib/rack/method_override.rb:22:in `call'
rack (2.0.6) lib/rack/runtime.rb:22:in `call'
activesupport (5.1.6.1) lib/active_support/cache/strategy/local_cache_middleware.rb:27:in `call'
actionpack (5.1.6.1) lib/action_dispatch/middleware/executor.rb:12:in `call'
actionpack (5.1.6.1) lib/action_dispatch/middleware/static.rb:125:in `call'
rack (2.0.6) lib/rack/sendfile.rb:111:in `call'
railties (5.1.6.1) lib/rails/engine.rb:522:in `call'
puma (3.12.0) lib/puma/configuration.rb:225:in `call'
puma (3.12.0) lib/puma/server.rb:658:in `handle_request'
puma (3.12.0) lib/puma/server.rb:472:in `process_client'
puma (3.12.0) lib/puma/server.rb:332:in `block in run'
puma (3.12.0) lib/puma/thread_pool.rb:133:in `block in spawn_thread'
Started GET "/" for 127.0.0.1 at 2019-03-22 21:58:40 -0300
Processing by AppController#index as HTML
  Rendering app/index.html.erb within layouts/application
  Rendered app/index.html.erb within layouts/application (1.6ms)
Completed 500 Internal Server Error in 1914ms


  
ActionView::Template::Error (undefined method `[]' for nil:NilClass):
    13:   <tbody>
    14:     <% @films.each do |film| %>
    15:     <tr>
    16:       <a href="<%=app_film_path%>?url=<%=@film["url"]%>"><td class="hover"><%=@film["title"]%></td></a>
    17:       <td><%= film["episode_id"] %></td>
    18:       <td class="hover"><%= film["director"] %></td>
    19:       <td class="hover"><%= film["producer"] %></td>
  
app/views/app/index.html.erb:16:in `block in _app_views_app_index_html_erb___2680395848236564531_69912639134420'
app/views/app/index.html.erb:14:in `each'
app/views/app/index.html.erb:14:in `_app_views_app_index_html_erb___2680395848236564531_69912639134420'
Started GET "/" for 127.0.0.1 at 2019-03-22 21:59:19 -0300
Processing by AppController#index as HTML
  Rendering app/index.html.erb within layouts/application
  Rendered app/index.html.erb within layouts/application (1.4ms)
Completed 200 OK in 1737ms (Views: 12.3ms)


Started GET "/" for 127.0.0.1 at 2019-03-22 22:00:06 -0300
Processing by AppController#index as HTML
  Rendering app/index.html.erb within layouts/application
  Rendered app/index.html.erb within layouts/application (1.3ms)
Completed 200 OK in 1735ms (Views: 11.9ms)


Started GET "/" for 127.0.0.1 at 2019-03-22 22:01:00 -0300
Processing by AppController#index as HTML
  Rendering app/index.html.erb within layouts/application
  Rendered app/index.html.erb within layouts/application (3.3ms)
Completed 200 OK in 1769ms (Views: 30.0ms)


Started GET "/" for 127.0.0.1 at 2019-03-22 22:01:31 -0300
Processing by AppController#index as HTML
  Rendering app/index.html.erb within layouts/application
  Rendered app/index.html.erb within layouts/application (3.5ms)
Completed 200 OK in 1760ms (Views: 26.5ms)


Started GET "/" for 127.0.0.1 at 2019-03-22 22:02:11 -0300
Processing by AppController#index as HTML
  Rendering app/index.html.erb within layouts/application
  Rendered app/index.html.erb within layouts/application (3.4ms)
Completed 200 OK in 2204ms (Views: 303.6ms)


Started GET "/" for 127.0.0.1 at 2019-03-22 22:04:09 -0300
Processing by AppController#index as HTML
  Rendering app/index.html.erb within layouts/application
  Rendered app/index.html.erb within layouts/application (5.5ms)
Completed 200 OK in 1759ms (Views: 43.7ms)


Started GET "/" for 127.0.0.1 at 2019-03-22 22:04:26 -0300
Processing by AppController#index as HTML
  Rendering app/index.html.erb within layouts/application
  Rendered app/index.html.erb within layouts/application (2.1ms)
Completed 200 OK in 1779ms (Views: 23.6ms)


Started GET "/" for 127.0.0.1 at 2019-03-22 22:04:50 -0300
Processing by AppController#index as HTML
  Rendering app/index.html.erb within layouts/application
  Rendered app/index.html.erb within layouts/application (1.6ms)
Completed 200 OK in 1791ms (Views: 21.3ms)


Started GET "/" for 127.0.0.1 at 2019-03-22 22:05:02 -0300
Processing by AppController#index as HTML
  Rendering app/index.html.erb within layouts/application
  Rendered app/index.html.erb within layouts/application (5.0ms)
Completed 200 OK in 1865ms (Views: 46.5ms)


Started GET "/app/film?url=https%3A%2F%2Fswapi.co%2Fapi%2Ffilms%2F1%2F" for 127.0.0.1 at 2019-03-22 22:05:08 -0300
Processing by AppController#film as HTML
  Parameters: {"url"=>"https://swapi.co/api/films/1/"}
  Rendering app/film.html.erb within layouts/application
  Rendered app/film.html.erb within layouts/application (4.7ms)
Completed 200 OK in 18908ms (Views: 37.9ms)


Started GET "/app/film?url=https%3A%2F%2Fswapi.co%2Fapi%2Ffilms%2F1%2F" for 127.0.0.1 at 2019-03-22 22:05:34 -0300
Processing by AppController#film as HTML
  Parameters: {"url"=>"https://swapi.co/api/films/1/"}
Started GET "/app/film?url=https%3A%2F%2Fswapi.co%2Fapi%2Ffilms%2F1%2F" for 127.0.0.1 at 2019-03-22 22:05:39 -0300
Processing by AppController#film as HTML
  Parameters: {"url"=>"https://swapi.co/api/films/1/"}
  Rendering app/film.html.erb within layouts/application
  Rendered app/film.html.erb within layouts/application (4.2ms)
Completed 200 OK in 14139ms (Views: 30.3ms)


  Rendering app/film.html.erb within layouts/application
  Rendered app/film.html.erb within layouts/application (2.7ms)
Completed 200 OK in 12481ms (Views: 28.6ms)


Started GET "/app/film?url=https%3A%2F%2Fswapi.co%2Fapi%2Ffilms%2F1%2F" for 127.0.0.1 at 2019-03-22 22:06:06 -0300
Processing by AppController#film as HTML
  Parameters: {"url"=>"https://swapi.co/api/films/1/"}
  Rendering app/film.html.erb within layouts/application
  Rendered app/film.html.erb within layouts/application (1.8ms)
Completed 200 OK in 17066ms (Views: 21.2ms)


Started GET "/app/film?url=https%3A%2F%2Fswapi.co%2Fapi%2Ffilms%2F1%2F" for 127.0.0.1 at 2019-03-22 22:06:28 -0300
Processing by AppController#film as HTML
  Parameters: {"url"=>"https://swapi.co/api/films/1/"}
Started GET "/app/film?url=https%3A%2F%2Fswapi.co%2Fapi%2Ffilms%2F1%2F" for 127.0.0.1 at 2019-03-22 22:06:31 -0300
Processing by AppController#film as HTML
  Parameters: {"url"=>"https://swapi.co/api/films/1/"}
  Rendering app/film.html.erb within layouts/application
  Rendered app/film.html.erb within layouts/application (1.9ms)
Completed 200 OK in 13741ms (Views: 13.6ms)


  Rendering app/film.html.erb within layouts/application
  Rendered app/film.html.erb within layouts/application (2.8ms)
Completed 200 OK in 13911ms (Views: 24.9ms)


Started GET "/app/film?url=https%3A%2F%2Fswapi.co%2Fapi%2Ffilms%2F1%2F" for 127.0.0.1 at 2019-03-22 22:07:58 -0300
Processing by AppController#film as HTML
  Parameters: {"url"=>"https://swapi.co/api/films/1/"}
  Rendering app/film.html.erb within layouts/application
  Rendered app/film.html.erb within layouts/application (1.8ms)
Completed 200 OK in 17066ms (Views: 12.2ms)


Started GET "/app/film?url=https%3A%2F%2Fswapi.co%2Fapi%2Ffilms%2F1%2F" for 127.0.0.1 at 2019-03-22 22:16:09 -0300
  
SyntaxError (/home/t_pc/Uc/2019-1/TDI/Tarea1-TDI/app/controllers/app_controller.rb:16: syntax error, unexpected ')', expecting '}'
...e"], "url": person_data["url"])
...                              ^
/home/t_pc/Uc/2019-1/TDI/Tarea1-TDI/app/controllers/app_controller.rb:42: syntax error, unexpected end-of-input, expecting keyword_end):
  
app/controllers/app_controller.rb:16: syntax error, unexpected ')', expecting '}'
app/controllers/app_controller.rb:42: syntax error, unexpected end-of-input, expecting keyword_end
Started GET "/app/film?url=https%3A%2F%2Fswapi.co%2Fapi%2Ffilms%2F1%2F" for 127.0.0.1 at 2019-03-22 22:16:21 -0300
Processing by AppController#film as HTML
  Parameters: {"url"=>"https://swapi.co/api/films/1/"}
  Rendering app/film.html.erb within layouts/application
  Rendered app/film.html.erb within layouts/application (0.9ms)
Completed 200 OK in 23013ms (Views: 12.3ms)


Started GET "/app/film?url=https%3A%2F%2Fswapi.co%2Fapi%2Ffilms%2F1%2F" for 127.0.0.1 at 2019-03-22 22:17:11 -0300
Processing by AppController#film as HTML
  Parameters: {"url"=>"https://swapi.co/api/films/1/"}
  Rendering app/film.html.erb within layouts/application
  Rendered app/film.html.erb within layouts/application (0.9ms)
Completed 200 OK in 17202ms (Views: 11.1ms)


Started GET "/app/film?url=https%3A%2F%2Fswapi.co%2Fapi%2Ffilms%2F1%2F" for 127.0.0.1 at 2019-03-22 22:18:22 -0300
Processing by AppController#film as HTML
  Parameters: {"url"=>"https://swapi.co/api/films/1/"}
  Rendering app/film.html.erb within layouts/application
  Rendered app/film.html.erb within layouts/application (0.8ms)
Completed 200 OK in 22679ms (Views: 10.9ms)


Started GET "/" for 127.0.0.1 at 2019-03-22 22:19:39 -0300
Processing by AppController#index as HTML
  Rendering app/index.html.erb within layouts/application
  Rendered app/index.html.erb within layouts/application (1.6ms)
Completed 200 OK in 2477ms (Views: 12.1ms)


Started GET "/" for 127.0.0.1 at 2019-03-22 23:14:02 -0300
Processing by AppController#index as HTML
  Rendering app/index.html.erb within layouts/application
  Rendered app/index.html.erb within layouts/application (1.7ms)
Completed 200 OK in 2386ms (Views: 11.6ms)


Started GET "/app/film?url=https%3A%2F%2Fswapi.co%2Fapi%2Ffilms%2F1%2F" for 127.0.0.1 at 2019-03-22 23:14:07 -0300
Processing by AppController#film as HTML
  Parameters: {"url"=>"https://swapi.co/api/films/1/"}
  Rendering app/film.html.erb within layouts/application
  Rendered app/film.html.erb within layouts/application (9.4ms)
Completed 200 OK in 20600ms (Views: 33.0ms)


Started GET "/app/person?url=https%3A%2F%2Fswapi.co%2Fapi%2Fpeople%2F1%2F" for 127.0.0.1 at 2019-03-22 23:15:25 -0300
Processing by AppController#person as HTML
  Parameters: {"url"=>"https://swapi.co/api/people/1/"}
Completed 500 Internal Server Error in 1763ms


  
NoMethodError (undefined method `each' for nil:NilClass):
  
app/controllers/app_controller.rb:39:in `person'
Started GET "/app/film?url=https%3A%2F%2Fswapi.co%2Fapi%2Ffilms%2F1%2F" for 127.0.0.1 at 2019-03-22 23:24:31 -0300
Processing by AppController#film as HTML
  Parameters: {"url"=>"https://swapi.co/api/films/1/"}
  Rendering app/film.html.erb within layouts/application
  Rendered app/film.html.erb within layouts/application (2.9ms)
Completed 200 OK in 19640ms (Views: 13.9ms)


Started GET "/app/film?url=https%3A%2F%2Fswapi.co%2Fapi%2Ffilms%2F1%2F" for 127.0.0.1 at 2019-03-22 23:26:14 -0300
Processing by AppController#film as HTML
  Parameters: {"url"=>"https://swapi.co/api/films/1/"}
  Rendering app/film.html.erb within layouts/application
  Rendered app/film.html.erb within layouts/application (10.2ms)
Completed 200 OK in 20756ms (Views: 34.1ms)


Started GET "/app/person?url=https%3A%2F%2Fswapi.co%2Fapi%2Fpeople%2F9%2F" for 127.0.0.1 at 2019-03-22 23:32:49 -0300
Processing by AppController#person as HTML
  Parameters: {"url"=>"https://swapi.co/api/people/9/"}
Completed 500 Internal Server Error in 1947ms


  
NoMethodError (undefined method `each' for nil:NilClass):
  
app/controllers/app_controller.rb:39:in `person'
Started GET "/app/film?url=https%3A%2F%2Fswapi.co%2Fapi%2Ffilms%2F1%2F" for 127.0.0.1 at 2019-03-22 23:33:07 -0300
Processing by AppController#film as HTML
  Parameters: {"url"=>"https://swapi.co/api/films/1/"}
  Rendering app/film.html.erb within layouts/application
  Rendered app/film.html.erb within layouts/application (2.7ms)
Completed 200 OK in 19196ms (Views: 12.9ms)


Started GET "/app/person?url=https%3A%2F%2Fswapi.co%2Fapi%2Fpeople%2F5%2F" for 127.0.0.1 at 2019-03-22 23:34:20 -0300
Processing by AppController#person as HTML
  Parameters: {"url"=>"https://swapi.co/api/people/5/"}
Completed 500 Internal Server Error in 1381ms


  
NoMethodError (undefined method `each' for nil:NilClass):
  
app/controllers/app_controller.rb:39:in `person'
Started GET "/app/film?url=https%3A%2F%2Fswapi.co%2Fapi%2Ffilms%2F1%2F" for 127.0.0.1 at 2019-03-22 23:36:12 -0300
Processing by AppController#film as HTML
  Parameters: {"url"=>"https://swapi.co/api/films/1/"}
  Rendering app/film.html.erb within layouts/application
  Rendered app/film.html.erb within layouts/application (9.3ms)
Completed 200 OK in 18657ms (Views: 34.2ms)


Started GET "/app/person?url=https%3A%2F%2Fswapi.co%2Fapi%2Fpeople%2F8%2F" for 127.0.0.1 at 2019-03-22 23:36:34 -0300
Processing by AppController#person as HTML
  Parameters: {"url"=>"https://swapi.co/api/people/8/"}
Completed 500 Internal Server Error in 872ms


  
NoMethodError (undefined method `each' for nil:NilClass):
  
app/controllers/app_controller.rb:40:in `person'
Started GET "/app/person?url=https%3A%2F%2Fswapi.co%2Fapi%2Fpeople%2F8%2F" for 127.0.0.1 at 2019-03-22 23:40:58 -0300
Processing by AppController#person as HTML
  Parameters: {"url"=>"https://swapi.co/api/people/8/"}
Completed 500 Internal Server Error in 1219ms


  
NoMethodError (undefined method `each' for nil:NilClass):
  
app/controllers/app_controller.rb:40:in `person'
Started GET "/app/film?url=https%3A%2F%2Fswapi.co%2Fapi%2Ffilms%2F1%2F" for 127.0.0.1 at 2019-03-22 23:41:27 -0300
Processing by AppController#film as HTML
  Parameters: {"url"=>"https://swapi.co/api/films/1/"}
  Rendering app/film.html.erb within layouts/application
  Rendered app/film.html.erb within layouts/application (2.9ms)
Completed 200 OK in 18893ms (Views: 13.2ms)


Started GET "/app/person?url=https%3A%2F%2Fswapi.co%2Fapi%2Fpeople%2F4%2F" for 127.0.0.1 at 2019-03-22 23:41:49 -0300
Processing by AppController#person as HTML
  Parameters: {"url"=>"https://swapi.co/api/people/4/"}
Completed 500 Internal Server Error in 1184ms


  
NoMethodError (undefined method `each' for nil:NilClass):
  
app/controllers/app_controller.rb:41:in `person'
Started GET "/app/person?url=https%3A%2F%2Fswapi.co%2Fapi%2Fpeople%2F4%2F" for 127.0.0.1 at 2019-03-23 00:06:11 -0300
Processing by AppController#person as HTML
  Parameters: {"url"=>"https://swapi.co/api/people/4/"}
  Rendering app/person.html.erb within layouts/application
  Rendered app/person.html.erb within layouts/application (1.3ms)
Completed 200 OK in 6227ms (Views: 12.4ms)


Started GET "/app/person?url=https%3A%2F%2Fswapi.co%2Fapi%2Fpeople%2F4%2F" for 127.0.0.1 at 2019-03-23 00:08:08 -0300
Processing by AppController#person as HTML
  Parameters: {"url"=>"https://swapi.co/api/people/4/"}
  Rendering app/person.html.erb within layouts/application
  Rendered app/person.html.erb within layouts/application (3.8ms)
Completed 200 OK in 5788ms (Views: 32.4ms)


Started GET "/app/person?url=https%3A%2F%2Fswapi.co%2Fapi%2Fpeople%2F4%2F" for 127.0.0.1 at 2019-03-23 00:09:24 -0300
Processing by AppController#person as HTML
  Parameters: {"url"=>"https://swapi.co/api/people/4/"}
  Rendering app/person.html.erb within layouts/application
  Rendered app/person.html.erb within layouts/application (1.3ms)
Completed 200 OK in 6281ms (Views: 12.1ms)


Started GET "/" for 127.0.0.1 at 2019-03-23 15:41:59 -0300
Processing by AppController#index as HTML
Completed 500 Internal Server Error in 2259ms


  
Gem::LoadError (Specified 'sqlite3' for database adapter, but the gem is not loaded. Add `gem 'sqlite3'` to your Gemfile (and ensure its version is at the minimum required by ActiveRecord).):
  
activerecord (5.1.6.2) lib/active_record/connection_adapters/connection_specification.rb:188:in `rescue in spec'
activerecord (5.1.6.2) lib/active_record/connection_adapters/connection_specification.rb:185:in `spec'
activerecord (5.1.6.2) lib/active_record/connection_adapters/abstract/connection_pool.rb:880:in `establish_connection'
activerecord (5.1.6.2) lib/active_record/connection_handling.rb:58:in `establish_connection'
activerecord (5.1.6.2) lib/active_record/railtie.rb:124:in `block (2 levels) in <class:Railtie>'
activesupport (5.1.6.2) lib/active_support/lazy_load_hooks.rb:69:in `instance_eval'
activesupport (5.1.6.2) lib/active_support/lazy_load_hooks.rb:69:in `block in execute_hook'
activesupport (5.1.6.2) lib/active_support/lazy_load_hooks.rb:60:in `with_execution_control'
activesupport (5.1.6.2) lib/active_support/lazy_load_hooks.rb:65:in `execute_hook'
activesupport (5.1.6.2) lib/active_support/lazy_load_hooks.rb:50:in `block in run_load_hooks'
activesupport (5.1.6.2) lib/active_support/lazy_load_hooks.rb:49:in `each'
activesupport (5.1.6.2) lib/active_support/lazy_load_hooks.rb:49:in `run_load_hooks'
activerecord (5.1.6.2) lib/active_record/base.rb:326:in `<module:ActiveRecord>'
activerecord (5.1.6.2) lib/active_record/base.rb:25:in `<top (required)>'
activesupport (5.1.6.2) lib/active_support/dependencies.rb:292:in `require'
activesupport (5.1.6.2) lib/active_support/dependencies.rb:292:in `block in require'
activesupport (5.1.6.2) lib/active_support/dependencies.rb:258:in `load_dependency'
activesupport (5.1.6.2) lib/active_support/dependencies.rb:292:in `require'
activerecord (5.1.6.2) lib/active_record/railties/controller_runtime.rb:26:in `cleanup_view_runtime'
actionpack (5.1.6.2) lib/action_controller/metal/instrumentation.rb:43:in `render'
actionpack (5.1.6.2) lib/action_controller/metal/implicit_render.rb:33:in `default_render'
actionpack (5.1.6.2) lib/action_controller/metal/basic_implicit_render.rb:4:in `block in send_action'
actionpack (5.1.6.2) lib/action_controller/metal/basic_implicit_render.rb:4:in `tap'
actionpack (5.1.6.2) lib/action_controller/metal/basic_implicit_render.rb:4:in `send_action'
actionpack (5.1.6.2) lib/abstract_controller/base.rb:186:in `process_action'
actionpack (5.1.6.2) lib/action_controller/metal/rendering.rb:30:in `process_action'
actionpack (5.1.6.2) lib/abstract_controller/callbacks.rb:20:in `block in process_action'
activesupport (5.1.6.2) lib/active_support/callbacks.rb:131:in `run_callbacks'
actionpack (5.1.6.2) lib/abstract_controller/callbacks.rb:19:in `process_action'
actionpack (5.1.6.2) lib/action_controller/metal/rescue.rb:20:in `process_action'
actionpack (5.1.6.2) lib/action_controller/metal/instrumentation.rb:32:in `block in process_action'
activesupport (5.1.6.2) lib/active_support/notifications.rb:166:in `block in instrument'
activesupport (5.1.6.2) lib/active_support/notifications/instrumenter.rb:21:in `instrument'
activesupport (5.1.6.2) lib/active_support/notifications.rb:166:in `instrument'
actionpack (5.1.6.2) lib/action_controller/metal/instrumentation.rb:30:in `process_action'
actionpack (5.1.6.2) lib/action_controller/metal/params_wrapper.rb:252:in `process_action'
activerecord (5.1.6.2) lib/active_record/railties/controller_runtime.rb:22:in `process_action'
actionpack (5.1.6.2) lib/abstract_controller/base.rb:124:in `process'
actionview (5.1.6.2) lib/action_view/rendering.rb:30:in `process'
actionpack (5.1.6.2) lib/action_controller/metal.rb:189:in `dispatch'
actionpack (5.1.6.2) lib/action_controller/metal.rb:253:in `dispatch'
actionpack (5.1.6.2) lib/action_dispatch/routing/route_set.rb:49:in `dispatch'
actionpack (5.1.6.2) lib/action_dispatch/routing/route_set.rb:31:in `serve'
actionpack (5.1.6.2) lib/action_dispatch/journey/router.rb:50:in `block in serve'
actionpack (5.1.6.2) lib/action_dispatch/journey/router.rb:33:in `each'
actionpack (5.1.6.2) lib/action_dispatch/journey/router.rb:33:in `serve'
actionpack (5.1.6.2) lib/action_dispatch/routing/route_set.rb:844:in `call'
rack (2.0.6) lib/rack/etag.rb:25:in `call'
rack (2.0.6) lib/rack/conditional_get.rb:25:in `call'
rack (2.0.6) lib/rack/head.rb:12:in `call'
rack (2.0.6) lib/rack/session/abstract/id.rb:232:in `context'
rack (2.0.6) lib/rack/session/abstract/id.rb:226:in `call'
actionpack (5.1.6.2) lib/action_dispatch/middleware/cookies.rb:613:in `call'
activerecord (5.1.6.2) lib/active_record/migration.rb:556:in `call'
actionpack (5.1.6.2) lib/action_dispatch/middleware/callbacks.rb:26:in `block in call'
activesupport (5.1.6.2) lib/active_support/callbacks.rb:97:in `run_callbacks'
actionpack (5.1.6.2) lib/action_dispatch/middleware/callbacks.rb:24:in `call'
actionpack (5.1.6.2) lib/action_dispatch/middleware/executor.rb:12:in `call'
actionpack (5.1.6.2) lib/action_dispatch/middleware/debug_exceptions.rb:59:in `call'
web-console (3.7.0) lib/web_console/middleware.rb:135:in `call_app'
web-console (3.7.0) lib/web_console/middleware.rb:30:in `block in call'
web-console (3.7.0) lib/web_console/middleware.rb:20:in `catch'
web-console (3.7.0) lib/web_console/middleware.rb:20:in `call'
actionpack (5.1.6.2) lib/action_dispatch/middleware/show_exceptions.rb:31:in `call'
railties (5.1.6.2) lib/rails/rack/logger.rb:36:in `call_app'
railties (5.1.6.2) lib/rails/rack/logger.rb:24:in `block in call'
activesupport (5.1.6.2) lib/active_support/tagged_logging.rb:69:in `block in tagged'
activesupport (5.1.6.2) lib/active_support/tagged_logging.rb:26:in `tagged'
activesupport (5.1.6.2) lib/active_support/tagged_logging.rb:69:in `tagged'
railties (5.1.6.2) lib/rails/rack/logger.rb:24:in `call'
sprockets-rails (3.2.1) lib/sprockets/rails/quiet_assets.rb:13:in `call'
actionpack (5.1.6.2) lib/action_dispatch/middleware/remote_ip.rb:79:in `call'
actionpack (5.1.6.2) lib/action_dispatch/middleware/request_id.rb:25:in `call'
rack (2.0.6) lib/rack/method_override.rb:22:in `call'
rack (2.0.6) lib/rack/runtime.rb:22:in `call'
activesupport (5.1.6.2) lib/active_support/cache/strategy/local_cache_middleware.rb:27:in `call'
actionpack (5.1.6.2) lib/action_dispatch/middleware/executor.rb:12:in `call'
actionpack (5.1.6.2) lib/action_dispatch/middleware/static.rb:125:in `call'
rack (2.0.6) lib/rack/sendfile.rb:111:in `call'
railties (5.1.6.2) lib/rails/engine.rb:522:in `call'
puma (3.12.1) lib/puma/configuration.rb:227:in `call'
puma (3.12.1) lib/puma/server.rb:660:in `handle_request'
puma (3.12.1) lib/puma/server.rb:474:in `process_client'
puma (3.12.1) lib/puma/server.rb:334:in `block in run'
puma (3.12.1) lib/puma/thread_pool.rb:135:in `block in spawn_thread'
Started GET "/" for 127.0.0.1 at 2019-03-23 15:43:43 -0300
Processing by AppController#index as HTML
Completed 500 Internal Server Error in 2334ms


  
Gem::LoadError (Specified 'sqlite3' for database adapter, but the gem is not loaded. Add `gem 'sqlite3'` to your Gemfile (and ensure its version is at the minimum required by ActiveRecord).):
  
activerecord (5.1.6.2) lib/active_record/connection_adapters/connection_specification.rb:188:in `rescue in spec'
activerecord (5.1.6.2) lib/active_record/connection_adapters/connection_specification.rb:185:in `spec'
activerecord (5.1.6.2) lib/active_record/connection_adapters/abstract/connection_pool.rb:880:in `establish_connection'
activerecord (5.1.6.2) lib/active_record/connection_handling.rb:58:in `establish_connection'
activerecord (5.1.6.2) lib/active_record/railtie.rb:124:in `block (2 levels) in <class:Railtie>'
activesupport (5.1.6.2) lib/active_support/lazy_load_hooks.rb:69:in `instance_eval'
activesupport (5.1.6.2) lib/active_support/lazy_load_hooks.rb:69:in `block in execute_hook'
activesupport (5.1.6.2) lib/active_support/lazy_load_hooks.rb:60:in `with_execution_control'
activesupport (5.1.6.2) lib/active_support/lazy_load_hooks.rb:65:in `execute_hook'
activesupport (5.1.6.2) lib/active_support/lazy_load_hooks.rb:50:in `block in run_load_hooks'
activesupport (5.1.6.2) lib/active_support/lazy_load_hooks.rb:49:in `each'
activesupport (5.1.6.2) lib/active_support/lazy_load_hooks.rb:49:in `run_load_hooks'
activerecord (5.1.6.2) lib/active_record/base.rb:326:in `<module:ActiveRecord>'
activerecord (5.1.6.2) lib/active_record/base.rb:25:in `<top (required)>'
activesupport (5.1.6.2) lib/active_support/dependencies.rb:292:in `require'
activesupport (5.1.6.2) lib/active_support/dependencies.rb:292:in `block in require'
activesupport (5.1.6.2) lib/active_support/dependencies.rb:258:in `load_dependency'
activesupport (5.1.6.2) lib/active_support/dependencies.rb:292:in `require'
activerecord (5.1.6.2) lib/active_record/railties/controller_runtime.rb:26:in `cleanup_view_runtime'
actionpack (5.1.6.2) lib/action_controller/metal/instrumentation.rb:43:in `render'
actionpack (5.1.6.2) lib/action_controller/metal/implicit_render.rb:33:in `default_render'
actionpack (5.1.6.2) lib/action_controller/metal/basic_implicit_render.rb:4:in `block in send_action'
actionpack (5.1.6.2) lib/action_controller/metal/basic_implicit_render.rb:4:in `tap'
actionpack (5.1.6.2) lib/action_controller/metal/basic_implicit_render.rb:4:in `send_action'
actionpack (5.1.6.2) lib/abstract_controller/base.rb:186:in `process_action'
actionpack (5.1.6.2) lib/action_controller/metal/rendering.rb:30:in `process_action'
actionpack (5.1.6.2) lib/abstract_controller/callbacks.rb:20:in `block in process_action'
activesupport (5.1.6.2) lib/active_support/callbacks.rb:131:in `run_callbacks'
actionpack (5.1.6.2) lib/abstract_controller/callbacks.rb:19:in `process_action'
actionpack (5.1.6.2) lib/action_controller/metal/rescue.rb:20:in `process_action'
actionpack (5.1.6.2) lib/action_controller/metal/instrumentation.rb:32:in `block in process_action'
activesupport (5.1.6.2) lib/active_support/notifications.rb:166:in `block in instrument'
activesupport (5.1.6.2) lib/active_support/notifications/instrumenter.rb:21:in `instrument'
activesupport (5.1.6.2) lib/active_support/notifications.rb:166:in `instrument'
actionpack (5.1.6.2) lib/action_controller/metal/instrumentation.rb:30:in `process_action'
actionpack (5.1.6.2) lib/action_controller/metal/params_wrapper.rb:252:in `process_action'
activerecord (5.1.6.2) lib/active_record/railties/controller_runtime.rb:22:in `process_action'
actionpack (5.1.6.2) lib/abstract_controller/base.rb:124:in `process'
actionview (5.1.6.2) lib/action_view/rendering.rb:30:in `process'
actionpack (5.1.6.2) lib/action_controller/metal.rb:189:in `dispatch'
actionpack (5.1.6.2) lib/action_controller/metal.rb:253:in `dispatch'
actionpack (5.1.6.2) lib/action_dispatch/routing/route_set.rb:49:in `dispatch'
actionpack (5.1.6.2) lib/action_dispatch/routing/route_set.rb:31:in `serve'
actionpack (5.1.6.2) lib/action_dispatch/journey/router.rb:50:in `block in serve'
actionpack (5.1.6.2) lib/action_dispatch/journey/router.rb:33:in `each'
actionpack (5.1.6.2) lib/action_dispatch/journey/router.rb:33:in `serve'
actionpack (5.1.6.2) lib/action_dispatch/routing/route_set.rb:844:in `call'
rack (2.0.6) lib/rack/etag.rb:25:in `call'
rack (2.0.6) lib/rack/conditional_get.rb:25:in `call'
rack (2.0.6) lib/rack/head.rb:12:in `call'
rack (2.0.6) lib/rack/session/abstract/id.rb:232:in `context'
rack (2.0.6) lib/rack/session/abstract/id.rb:226:in `call'
actionpack (5.1.6.2) lib/action_dispatch/middleware/cookies.rb:613:in `call'
activerecord (5.1.6.2) lib/active_record/migration.rb:556:in `call'
actionpack (5.1.6.2) lib/action_dispatch/middleware/callbacks.rb:26:in `block in call'
activesupport (5.1.6.2) lib/active_support/callbacks.rb:97:in `run_callbacks'
actionpack (5.1.6.2) lib/action_dispatch/middleware/callbacks.rb:24:in `call'
actionpack (5.1.6.2) lib/action_dispatch/middleware/executor.rb:12:in `call'
actionpack (5.1.6.2) lib/action_dispatch/middleware/debug_exceptions.rb:59:in `call'
web-console (3.7.0) lib/web_console/middleware.rb:135:in `call_app'
web-console (3.7.0) lib/web_console/middleware.rb:30:in `block in call'
web-console (3.7.0) lib/web_console/middleware.rb:20:in `catch'
web-console (3.7.0) lib/web_console/middleware.rb:20:in `call'
actionpack (5.1.6.2) lib/action_dispatch/middleware/show_exceptions.rb:31:in `call'
railties (5.1.6.2) lib/rails/rack/logger.rb:36:in `call_app'
railties (5.1.6.2) lib/rails/rack/logger.rb:24:in `block in call'
activesupport (5.1.6.2) lib/active_support/tagged_logging.rb:69:in `block in tagged'
activesupport (5.1.6.2) lib/active_support/tagged_logging.rb:26:in `tagged'
activesupport (5.1.6.2) lib/active_support/tagged_logging.rb:69:in `tagged'
railties (5.1.6.2) lib/rails/rack/logger.rb:24:in `call'
sprockets-rails (3.2.1) lib/sprockets/rails/quiet_assets.rb:13:in `call'
actionpack (5.1.6.2) lib/action_dispatch/middleware/remote_ip.rb:79:in `call'
actionpack (5.1.6.2) lib/action_dispatch/middleware/request_id.rb:25:in `call'
rack (2.0.6) lib/rack/method_override.rb:22:in `call'
rack (2.0.6) lib/rack/runtime.rb:22:in `call'
activesupport (5.1.6.2) lib/active_support/cache/strategy/local_cache_middleware.rb:27:in `call'
actionpack (5.1.6.2) lib/action_dispatch/middleware/executor.rb:12:in `call'
actionpack (5.1.6.2) lib/action_dispatch/middleware/static.rb:125:in `call'
rack (2.0.6) lib/rack/sendfile.rb:111:in `call'
railties (5.1.6.2) lib/rails/engine.rb:522:in `call'
puma (3.12.1) lib/puma/configuration.rb:227:in `call'
puma (3.12.1) lib/puma/server.rb:660:in `handle_request'
puma (3.12.1) lib/puma/server.rb:474:in `process_client'
puma (3.12.1) lib/puma/server.rb:334:in `block in run'
puma (3.12.1) lib/puma/thread_pool.rb:135:in `block in spawn_thread'
Started GET "/" for 127.0.0.1 at 2019-03-23 15:48:12 -0300
Processing by AppController#index as HTML
Completed 500 Internal Server Error in 2544ms


  
Gem::LoadError (Specified 'sqlite3' for database adapter, but the gem is not loaded. Add `gem 'sqlite3'` to your Gemfile (and ensure its version is at the minimum required by ActiveRecord).):
  
activerecord (5.1.6.2) lib/active_record/connection_adapters/connection_specification.rb:188:in `rescue in spec'
activerecord (5.1.6.2) lib/active_record/connection_adapters/connection_specification.rb:185:in `spec'
activerecord (5.1.6.2) lib/active_record/connection_adapters/abstract/connection_pool.rb:880:in `establish_connection'
activerecord (5.1.6.2) lib/active_record/connection_handling.rb:58:in `establish_connection'
activerecord (5.1.6.2) lib/active_record/railtie.rb:124:in `block (2 levels) in <class:Railtie>'
activesupport (5.1.6.2) lib/active_support/lazy_load_hooks.rb:69:in `instance_eval'
activesupport (5.1.6.2) lib/active_support/lazy_load_hooks.rb:69:in `block in execute_hook'
activesupport (5.1.6.2) lib/active_support/lazy_load_hooks.rb:60:in `with_execution_control'
activesupport (5.1.6.2) lib/active_support/lazy_load_hooks.rb:65:in `execute_hook'
activesupport (5.1.6.2) lib/active_support/lazy_load_hooks.rb:50:in `block in run_load_hooks'
activesupport (5.1.6.2) lib/active_support/lazy_load_hooks.rb:49:in `each'
activesupport (5.1.6.2) lib/active_support/lazy_load_hooks.rb:49:in `run_load_hooks'
activerecord (5.1.6.2) lib/active_record/base.rb:326:in `<module:ActiveRecord>'
activerecord (5.1.6.2) lib/active_record/base.rb:25:in `<top (required)>'
activesupport (5.1.6.2) lib/active_support/dependencies.rb:292:in `require'
activesupport (5.1.6.2) lib/active_support/dependencies.rb:292:in `block in require'
activesupport (5.1.6.2) lib/active_support/dependencies.rb:258:in `load_dependency'
activesupport (5.1.6.2) lib/active_support/dependencies.rb:292:in `require'
activerecord (5.1.6.2) lib/active_record/railties/controller_runtime.rb:26:in `cleanup_view_runtime'
actionpack (5.1.6.2) lib/action_controller/metal/instrumentation.rb:43:in `render'
actionpack (5.1.6.2) lib/action_controller/metal/implicit_render.rb:33:in `default_render'
actionpack (5.1.6.2) lib/action_controller/metal/basic_implicit_render.rb:4:in `block in send_action'
actionpack (5.1.6.2) lib/action_controller/metal/basic_implicit_render.rb:4:in `tap'
actionpack (5.1.6.2) lib/action_controller/metal/basic_implicit_render.rb:4:in `send_action'
actionpack (5.1.6.2) lib/abstract_controller/base.rb:186:in `process_action'
actionpack (5.1.6.2) lib/action_controller/metal/rendering.rb:30:in `process_action'
actionpack (5.1.6.2) lib/abstract_controller/callbacks.rb:20:in `block in process_action'
activesupport (5.1.6.2) lib/active_support/callbacks.rb:131:in `run_callbacks'
actionpack (5.1.6.2) lib/abstract_controller/callbacks.rb:19:in `process_action'
actionpack (5.1.6.2) lib/action_controller/metal/rescue.rb:20:in `process_action'
actionpack (5.1.6.2) lib/action_controller/metal/instrumentation.rb:32:in `block in process_action'
activesupport (5.1.6.2) lib/active_support/notifications.rb:166:in `block in instrument'
activesupport (5.1.6.2) lib/active_support/notifications/instrumenter.rb:21:in `instrument'
activesupport (5.1.6.2) lib/active_support/notifications.rb:166:in `instrument'
actionpack (5.1.6.2) lib/action_controller/metal/instrumentation.rb:30:in `process_action'
actionpack (5.1.6.2) lib/action_controller/metal/params_wrapper.rb:252:in `process_action'
activerecord (5.1.6.2) lib/active_record/railties/controller_runtime.rb:22:in `process_action'
actionpack (5.1.6.2) lib/abstract_controller/base.rb:124:in `process'
actionview (5.1.6.2) lib/action_view/rendering.rb:30:in `process'
actionpack (5.1.6.2) lib/action_controller/metal.rb:189:in `dispatch'
actionpack (5.1.6.2) lib/action_controller/metal.rb:253:in `dispatch'
actionpack (5.1.6.2) lib/action_dispatch/routing/route_set.rb:49:in `dispatch'
actionpack (5.1.6.2) lib/action_dispatch/routing/route_set.rb:31:in `serve'
actionpack (5.1.6.2) lib/action_dispatch/journey/router.rb:50:in `block in serve'
actionpack (5.1.6.2) lib/action_dispatch/journey/router.rb:33:in `each'
actionpack (5.1.6.2) lib/action_dispatch/journey/router.rb:33:in `serve'
actionpack (5.1.6.2) lib/action_dispatch/routing/route_set.rb:844:in `call'
rack (2.0.6) lib/rack/etag.rb:25:in `call'
rack (2.0.6) lib/rack/conditional_get.rb:25:in `call'
rack (2.0.6) lib/rack/head.rb:12:in `call'
rack (2.0.6) lib/rack/session/abstract/id.rb:232:in `context'
rack (2.0.6) lib/rack/session/abstract/id.rb:226:in `call'
actionpack (5.1.6.2) lib/action_dispatch/middleware/cookies.rb:613:in `call'
activerecord (5.1.6.2) lib/active_record/migration.rb:556:in `call'
actionpack (5.1.6.2) lib/action_dispatch/middleware/callbacks.rb:26:in `block in call'
activesupport (5.1.6.2) lib/active_support/callbacks.rb:97:in `run_callbacks'
actionpack (5.1.6.2) lib/action_dispatch/middleware/callbacks.rb:24:in `call'
actionpack (5.1.6.2) lib/action_dispatch/middleware/executor.rb:12:in `call'
actionpack (5.1.6.2) lib/action_dispatch/middleware/debug_exceptions.rb:59:in `call'
web-console (3.7.0) lib/web_console/middleware.rb:135:in `call_app'
web-console (3.7.0) lib/web_console/middleware.rb:30:in `block in call'
web-console (3.7.0) lib/web_console/middleware.rb:20:in `catch'
web-console (3.7.0) lib/web_console/middleware.rb:20:in `call'
actionpack (5.1.6.2) lib/action_dispatch/middleware/show_exceptions.rb:31:in `call'
railties (5.1.6.2) lib/rails/rack/logger.rb:36:in `call_app'
railties (5.1.6.2) lib/rails/rack/logger.rb:24:in `block in call'
activesupport (5.1.6.2) lib/active_support/tagged_logging.rb:69:in `block in tagged'
activesupport (5.1.6.2) lib/active_support/tagged_logging.rb:26:in `tagged'
activesupport (5.1.6.2) lib/active_support/tagged_logging.rb:69:in `tagged'
railties (5.1.6.2) lib/rails/rack/logger.rb:24:in `call'
sprockets-rails (3.2.1) lib/sprockets/rails/quiet_assets.rb:13:in `call'
actionpack (5.1.6.2) lib/action_dispatch/middleware/remote_ip.rb:79:in `call'
actionpack (5.1.6.2) lib/action_dispatch/middleware/request_id.rb:25:in `call'
rack (2.0.6) lib/rack/method_override.rb:22:in `call'
rack (2.0.6) lib/rack/runtime.rb:22:in `call'
activesupport (5.1.6.2) lib/active_support/cache/strategy/local_cache_middleware.rb:27:in `call'
actionpack (5.1.6.2) lib/action_dispatch/middleware/executor.rb:12:in `call'
actionpack (5.1.6.2) lib/action_dispatch/middleware/static.rb:125:in `call'
rack (2.0.6) lib/rack/sendfile.rb:111:in `call'
railties (5.1.6.2) lib/rails/engine.rb:522:in `call'
puma (3.12.1) lib/puma/configuration.rb:227:in `call'
puma (3.12.1) lib/puma/server.rb:660:in `handle_request'
puma (3.12.1) lib/puma/server.rb:474:in `process_client'
puma (3.12.1) lib/puma/server.rb:334:in `block in run'
puma (3.12.1) lib/puma/thread_pool.rb:135:in `block in spawn_thread'
Started GET "/" for 127.0.0.1 at 2019-03-23 15:49:36 -0300
Processing by AppController#index as HTML
Completed 500 Internal Server Error in 2180ms


  
Gem::LoadError (Specified 'sqlite3' for database adapter, but the gem is not loaded. Add `gem 'sqlite3'` to your Gemfile (and ensure its version is at the minimum required by ActiveRecord).):
  
activerecord (5.1.6.2) lib/active_record/connection_adapters/connection_specification.rb:188:in `rescue in spec'
activerecord (5.1.6.2) lib/active_record/connection_adapters/connection_specification.rb:185:in `spec'
activerecord (5.1.6.2) lib/active_record/connection_adapters/abstract/connection_pool.rb:880:in `establish_connection'
activerecord (5.1.6.2) lib/active_record/connection_handling.rb:58:in `establish_connection'
activerecord (5.1.6.2) lib/active_record/railtie.rb:124:in `block (2 levels) in <class:Railtie>'
activesupport (5.1.6.2) lib/active_support/lazy_load_hooks.rb:69:in `instance_eval'
activesupport (5.1.6.2) lib/active_support/lazy_load_hooks.rb:69:in `block in execute_hook'
activesupport (5.1.6.2) lib/active_support/lazy_load_hooks.rb:60:in `with_execution_control'
activesupport (5.1.6.2) lib/active_support/lazy_load_hooks.rb:65:in `execute_hook'
activesupport (5.1.6.2) lib/active_support/lazy_load_hooks.rb:50:in `block in run_load_hooks'
activesupport (5.1.6.2) lib/active_support/lazy_load_hooks.rb:49:in `each'
activesupport (5.1.6.2) lib/active_support/lazy_load_hooks.rb:49:in `run_load_hooks'
activerecord (5.1.6.2) lib/active_record/base.rb:326:in `<module:ActiveRecord>'
activerecord (5.1.6.2) lib/active_record/base.rb:25:in `<top (required)>'
activesupport (5.1.6.2) lib/active_support/dependencies.rb:292:in `require'
activesupport (5.1.6.2) lib/active_support/dependencies.rb:292:in `block in require'
activesupport (5.1.6.2) lib/active_support/dependencies.rb:258:in `load_dependency'
activesupport (5.1.6.2) lib/active_support/dependencies.rb:292:in `require'
activerecord (5.1.6.2) lib/active_record/railties/controller_runtime.rb:26:in `cleanup_view_runtime'
actionpack (5.1.6.2) lib/action_controller/metal/instrumentation.rb:43:in `render'
actionpack (5.1.6.2) lib/action_controller/metal/implicit_render.rb:33:in `default_render'
actionpack (5.1.6.2) lib/action_controller/metal/basic_implicit_render.rb:4:in `block in send_action'
actionpack (5.1.6.2) lib/action_controller/metal/basic_implicit_render.rb:4:in `tap'
actionpack (5.1.6.2) lib/action_controller/metal/basic_implicit_render.rb:4:in `send_action'
actionpack (5.1.6.2) lib/abstract_controller/base.rb:186:in `process_action'
actionpack (5.1.6.2) lib/action_controller/metal/rendering.rb:30:in `process_action'
actionpack (5.1.6.2) lib/abstract_controller/callbacks.rb:20:in `block in process_action'
activesupport (5.1.6.2) lib/active_support/callbacks.rb:131:in `run_callbacks'
actionpack (5.1.6.2) lib/abstract_controller/callbacks.rb:19:in `process_action'
actionpack (5.1.6.2) lib/action_controller/metal/rescue.rb:20:in `process_action'
actionpack (5.1.6.2) lib/action_controller/metal/instrumentation.rb:32:in `block in process_action'
activesupport (5.1.6.2) lib/active_support/notifications.rb:166:in `block in instrument'
activesupport (5.1.6.2) lib/active_support/notifications/instrumenter.rb:21:in `instrument'
activesupport (5.1.6.2) lib/active_support/notifications.rb:166:in `instrument'
actionpack (5.1.6.2) lib/action_controller/metal/instrumentation.rb:30:in `process_action'
actionpack (5.1.6.2) lib/action_controller/metal/params_wrapper.rb:252:in `process_action'
activerecord (5.1.6.2) lib/active_record/railties/controller_runtime.rb:22:in `process_action'
actionpack (5.1.6.2) lib/abstract_controller/base.rb:124:in `process'
actionview (5.1.6.2) lib/action_view/rendering.rb:30:in `process'
actionpack (5.1.6.2) lib/action_controller/metal.rb:189:in `dispatch'
actionpack (5.1.6.2) lib/action_controller/metal.rb:253:in `dispatch'
actionpack (5.1.6.2) lib/action_dispatch/routing/route_set.rb:49:in `dispatch'
actionpack (5.1.6.2) lib/action_dispatch/routing/route_set.rb:31:in `serve'
actionpack (5.1.6.2) lib/action_dispatch/journey/router.rb:50:in `block in serve'
actionpack (5.1.6.2) lib/action_dispatch/journey/router.rb:33:in `each'
actionpack (5.1.6.2) lib/action_dispatch/journey/router.rb:33:in `serve'
actionpack (5.1.6.2) lib/action_dispatch/routing/route_set.rb:844:in `call'
rack (2.0.6) lib/rack/etag.rb:25:in `call'
rack (2.0.6) lib/rack/conditional_get.rb:25:in `call'
rack (2.0.6) lib/rack/head.rb:12:in `call'
rack (2.0.6) lib/rack/session/abstract/id.rb:232:in `context'
rack (2.0.6) lib/rack/session/abstract/id.rb:226:in `call'
actionpack (5.1.6.2) lib/action_dispatch/middleware/cookies.rb:613:in `call'
activerecord (5.1.6.2) lib/active_record/migration.rb:556:in `call'
actionpack (5.1.6.2) lib/action_dispatch/middleware/callbacks.rb:26:in `block in call'
activesupport (5.1.6.2) lib/active_support/callbacks.rb:97:in `run_callbacks'
actionpack (5.1.6.2) lib/action_dispatch/middleware/callbacks.rb:24:in `call'
actionpack (5.1.6.2) lib/action_dispatch/middleware/executor.rb:12:in `call'
actionpack (5.1.6.2) lib/action_dispatch/middleware/debug_exceptions.rb:59:in `call'
web-console (3.7.0) lib/web_console/middleware.rb:135:in `call_app'
web-console (3.7.0) lib/web_console/middleware.rb:30:in `block in call'
web-console (3.7.0) lib/web_console/middleware.rb:20:in `catch'
web-console (3.7.0) lib/web_console/middleware.rb:20:in `call'
actionpack (5.1.6.2) lib/action_dispatch/middleware/show_exceptions.rb:31:in `call'
railties (5.1.6.2) lib/rails/rack/logger.rb:36:in `call_app'
railties (5.1.6.2) lib/rails/rack/logger.rb:24:in `block in call'
activesupport (5.1.6.2) lib/active_support/tagged_logging.rb:69:in `block in tagged'
activesupport (5.1.6.2) lib/active_support/tagged_logging.rb:26:in `tagged'
activesupport (5.1.6.2) lib/active_support/tagged_logging.rb:69:in `tagged'
railties (5.1.6.2) lib/rails/rack/logger.rb:24:in `call'
sprockets-rails (3.2.1) lib/sprockets/rails/quiet_assets.rb:13:in `call'
actionpack (5.1.6.2) lib/action_dispatch/middleware/remote_ip.rb:79:in `call'
actionpack (5.1.6.2) lib/action_dispatch/middleware/request_id.rb:25:in `call'
rack (2.0.6) lib/rack/method_override.rb:22:in `call'
rack (2.0.6) lib/rack/runtime.rb:22:in `call'
activesupport (5.1.6.2) lib/active_support/cache/strategy/local_cache_middleware.rb:27:in `call'
actionpack (5.1.6.2) lib/action_dispatch/middleware/executor.rb:12:in `call'
actionpack (5.1.6.2) lib/action_dispatch/middleware/static.rb:125:in `call'
rack (2.0.6) lib/rack/sendfile.rb:111:in `call'
railties (5.1.6.2) lib/rails/engine.rb:522:in `call'
puma (3.12.1) lib/puma/configuration.rb:227:in `call'
puma (3.12.1) lib/puma/server.rb:660:in `handle_request'
puma (3.12.1) lib/puma/server.rb:474:in `process_client'
puma (3.12.1) lib/puma/server.rb:334:in `block in run'
puma (3.12.1) lib/puma/thread_pool.rb:135:in `block in spawn_thread'
Started GET "/" for 127.0.0.1 at 2019-03-23 15:58:08 -0300
Processing by AppController#index as HTML
  Rendering app/index.html.erb within layouts/application
  Rendered app/index.html.erb within layouts/application (2.1ms)
Completed 200 OK in 4757ms (Views: 343.0ms)


Started GET "/app/film?url=https%3A%2F%2Fswapi.co%2Fapi%2Ffilms%2F1%2F" for 127.0.0.1 at 2019-03-23 15:58:20 -0300
Processing by AppController#film as HTML
  Parameters: {"url"=>"https://swapi.co/api/films/1/"}
  Rendering app/film.html.erb within layouts/application
  Rendered app/film.html.erb within layouts/application (9.1ms)
Completed 200 OK in 39874ms (Views: 39.7ms)


